Started GET "/" for 127.0.0.1 at 2019-01-22 16:30:30 +0200
Processing by Rails::WelcomeController#index as HTML
  Rendering /home/therandomtroll/.rvm/gems/ruby-2.6.0/gems/railties-5.2.2/lib/rails/templates/rails/welcome/index.html.erb
  Rendered /home/therandomtroll/.rvm/gems/ruby-2.6.0/gems/railties-5.2.2/lib/rails/templates/rails/welcome/index.html.erb (1.3ms)
Completed 200 OK in 7ms (Views: 3.1ms | ActiveRecord: 0.0ms)


  [1m[35m (0.0ms)[0m  [1m[34mSELECT sqlite_version(*)[0m
  ↳ /home/therandomtroll/.rvm/rubies/ruby-2.6.0/lib/ruby/gems/2.6.0/gems/rake-12.3.2/lib/rake/task.rb:273
  [1m[35m (69.4ms)[0m  [1m[35mCREATE TABLE "schema_migrations" ("version" varchar NOT NULL PRIMARY KEY)[0m
  ↳ /home/therandomtroll/.rvm/rubies/ruby-2.6.0/lib/ruby/gems/2.6.0/gems/rake-12.3.2/lib/rake/task.rb:273
  [1m[35m (58.0ms)[0m  [1m[35mCREATE TABLE "ar_internal_metadata" ("key" varchar NOT NULL PRIMARY KEY, "value" varchar, "created_at" datetime NOT NULL, "updated_at" datetime NOT NULL)[0m
  ↳ /home/therandomtroll/.rvm/rubies/ruby-2.6.0/lib/ruby/gems/2.6.0/gems/rake-12.3.2/lib/rake/task.rb:273
  [1m[35m (0.1ms)[0m  [1m[34mSELECT "schema_migrations"."version" FROM "schema_migrations" ORDER BY "schema_migrations"."version" ASC[0m
  ↳ /home/therandomtroll/.rvm/rubies/ruby-2.6.0/lib/ruby/gems/2.6.0/gems/rake-12.3.2/lib/rake/task.rb:273
Migrating to DeviseCreateUsers (20190122143905)
  [1m[35m (0.0ms)[0m  [1m[36mbegin transaction[0m
  ↳ /home/therandomtroll/.rvm/rubies/ruby-2.6.0/lib/ruby/gems/2.6.0/gems/rake-12.3.2/lib/rake/task.rb:273
  [1m[35m (0.2ms)[0m  [1m[35mCREATE TABLE "users" ("id" integer PRIMARY KEY AUTOINCREMENT NOT NULL, "email" varchar DEFAULT '' NOT NULL, "encrypted_password" varchar DEFAULT '' NOT NULL, "reset_password_token" varchar, "reset_password_sent_at" datetime, "remember_created_at" datetime, "created_at" datetime NOT NULL, "updated_at" datetime NOT NULL)[0m
  ↳ db/migrate/20190122143905_devise_create_users.rb:5
  [1m[35m (0.1ms)[0m  [1m[35mCREATE UNIQUE INDEX "index_users_on_email" ON "users" ("email")[0m
  ↳ db/migrate/20190122143905_devise_create_users.rb:39
  [1m[35m (0.1ms)[0m  [1m[35mCREATE UNIQUE INDEX "index_users_on_reset_password_token" ON "users" ("reset_password_token")[0m
  ↳ db/migrate/20190122143905_devise_create_users.rb:40
  [1m[36mActiveRecord::SchemaMigration Create (0.2ms)[0m  [1m[32mINSERT INTO "schema_migrations" ("version") VALUES (?)[0m  [["version", "20190122143905"]]
  ↳ /home/therandomtroll/.rvm/rubies/ruby-2.6.0/lib/ruby/gems/2.6.0/gems/rake-12.3.2/lib/rake/task.rb:273
  [1m[35m (63.6ms)[0m  [1m[36mcommit transaction[0m
  ↳ /home/therandomtroll/.rvm/rubies/ruby-2.6.0/lib/ruby/gems/2.6.0/gems/rake-12.3.2/lib/rake/task.rb:273
  [1m[36mActiveRecord::InternalMetadata Load (0.1ms)[0m  [1m[34mSELECT  "ar_internal_metadata".* FROM "ar_internal_metadata" WHERE "ar_internal_metadata"."key" = ? LIMIT ?[0m  [["key", "environment"], ["LIMIT", 1]]
  ↳ /home/therandomtroll/.rvm/rubies/ruby-2.6.0/lib/ruby/gems/2.6.0/gems/rake-12.3.2/lib/rake/task.rb:273
  [1m[35m (0.0ms)[0m  [1m[36mbegin transaction[0m
  ↳ /home/therandomtroll/.rvm/rubies/ruby-2.6.0/lib/ruby/gems/2.6.0/gems/rake-12.3.2/lib/rake/task.rb:273
  [1m[36mActiveRecord::InternalMetadata Create (0.1ms)[0m  [1m[32mINSERT INTO "ar_internal_metadata" ("key", "value", "created_at", "updated_at") VALUES (?, ?, ?, ?)[0m  [["key", "environment"], ["value", "development"], ["created_at", "2019-01-22 14:39:13.349741"], ["updated_at", "2019-01-22 14:39:13.349741"]]
  ↳ /home/therandomtroll/.rvm/rubies/ruby-2.6.0/lib/ruby/gems/2.6.0/gems/rake-12.3.2/lib/rake/task.rb:273
  [1m[35m (47.7ms)[0m  [1m[36mcommit transaction[0m
  ↳ /home/therandomtroll/.rvm/rubies/ruby-2.6.0/lib/ruby/gems/2.6.0/gems/rake-12.3.2/lib/rake/task.rb:273
  [1m[35m (0.1ms)[0m  [1m[34mSELECT "schema_migrations"."version" FROM "schema_migrations" ORDER BY "schema_migrations"."version" ASC[0m
  ↳ /home/therandomtroll/.rvm/rubies/ruby-2.6.0/lib/ruby/gems/2.6.0/gems/rake-12.3.2/lib/rake/task.rb:273
Started GET "/users/sign_up" for 127.0.0.1 at 2019-01-22 16:39:55 +0200
  [1m[35m (0.1ms)[0m  [1m[34mSELECT "schema_migrations"."version" FROM "schema_migrations" ORDER BY "schema_migrations"."version" ASC[0m
  ↳ /home/therandomtroll/.rvm/gems/ruby-2.6.0/gems/activerecord-5.2.2/lib/active_record/log_subscriber.rb:98
Processing by Devise::RegistrationsController#new as HTML
  Rendering /home/therandomtroll/.rvm/gems/ruby-2.6.0/gems/devise-4.5.0/app/views/devise/registrations/new.html.erb within layouts/application
  Rendered /home/therandomtroll/.rvm/gems/ruby-2.6.0/gems/devise-4.5.0/app/views/devise/shared/_links.html.erb (0.6ms)
  Rendered /home/therandomtroll/.rvm/gems/ruby-2.6.0/gems/devise-4.5.0/app/views/devise/registrations/new.html.erb within layouts/application (10.5ms)
Completed 200 OK in 217ms (Views: 206.5ms | ActiveRecord: 0.4ms)


Started POST "/users" for 127.0.0.1 at 2019-01-22 16:40:19 +0200
Processing by Devise::RegistrationsController#create as HTML
  Parameters: {"utf8"=>"✓", "authenticity_token"=>"xG93nXPOYXxFuyEu440nhu5eCsbOjRMEc7rWEtVqS7IT2i+949OSHr55l52binCDRrEy5CbA0hpnxV2Fo8ZjPw==", "user"=>{"email"=>"mihailgerginov01@gmail.com", "password"=>"[FILTERED]", "password_confirmation"=>"[FILTERED]"}, "commit"=>"Sign up"}
  [1m[35m (0.0ms)[0m  [1m[36mbegin transaction[0m
  ↳ /home/therandomtroll/.rvm/gems/ruby-2.6.0/gems/activerecord-5.2.2/lib/active_record/log_subscriber.rb:98
  [1m[36mUser Exists (0.1ms)[0m  [1m[34mSELECT  1 AS one FROM "users" WHERE "users"."email" = ? LIMIT ?[0m  [["email", "mihailgerginov01@gmail.com"], ["LIMIT", 1]]
  ↳ /home/therandomtroll/.rvm/gems/ruby-2.6.0/gems/activerecord-5.2.2/lib/active_record/log_subscriber.rb:98
  [1m[36mUser Create (0.1ms)[0m  [1m[32mINSERT INTO "users" ("email", "encrypted_password", "created_at", "updated_at") VALUES (?, ?, ?, ?)[0m  [["email", "mihailgerginov01@gmail.com"], ["encrypted_password", "$2a$11$v3Ez1arKB4T7cePczbGavuG1QlkOqGVCjuS3ToeZVZPmV1M85oNE6"], ["created_at", "2019-01-22 14:40:19.978310"], ["updated_at", "2019-01-22 14:40:19.978310"]]
  ↳ /home/therandomtroll/.rvm/gems/ruby-2.6.0/gems/activerecord-5.2.2/lib/active_record/log_subscriber.rb:98
  [1m[35m (123.8ms)[0m  [1m[36mcommit transaction[0m
  ↳ /home/therandomtroll/.rvm/gems/ruby-2.6.0/gems/activerecord-5.2.2/lib/active_record/log_subscriber.rb:98
Redirected to http://localhost:3000/
Completed 302 Found in 227ms (ActiveRecord: 124.1ms)


Started GET "/" for 127.0.0.1 at 2019-01-22 16:40:20 +0200
Processing by Rails::WelcomeController#index as HTML
  Rendering /home/therandomtroll/.rvm/gems/ruby-2.6.0/gems/railties-5.2.2/lib/rails/templates/rails/welcome/index.html.erb
  Rendered /home/therandomtroll/.rvm/gems/ruby-2.6.0/gems/railties-5.2.2/lib/rails/templates/rails/welcome/index.html.erb (1.0ms)
Completed 200 OK in 2ms (Views: 1.5ms | ActiveRecord: 0.0ms)


Started GET "/" for 127.0.0.1 at 2019-01-22 16:49:23 +0200
  [1m[35m (0.1ms)[0m  [1m[34mSELECT "schema_migrations"."version" FROM "schema_migrations" ORDER BY "schema_migrations"."version" ASC[0m
  ↳ /home/therandomtroll/.rvm/gems/ruby-2.6.0/gems/activerecord-5.2.2/lib/active_record/log_subscriber.rb:98
Processing by Rails::WelcomeController#index as HTML
  Rendering /home/therandomtroll/.rvm/gems/ruby-2.6.0/gems/railties-5.2.2/lib/rails/templates/rails/welcome/index.html.erb
  Rendered /home/therandomtroll/.rvm/gems/ruby-2.6.0/gems/railties-5.2.2/lib/rails/templates/rails/welcome/index.html.erb (1.2ms)
Completed 200 OK in 6ms (Views: 2.3ms | ActiveRecord: 0.0ms)


Started GET "/users/sign_up" for 127.0.0.1 at 2019-01-22 16:49:28 +0200
Processing by Devise::RegistrationsController#new as HTML
  [1m[36mUser Load (0.1ms)[0m  [1m[34mSELECT  "users".* FROM "users" WHERE "users"."id" = ? ORDER BY "users"."id" ASC LIMIT ?[0m  [["id", 1], ["LIMIT", 1]]
  ↳ /home/therandomtroll/.rvm/gems/ruby-2.6.0/gems/activerecord-5.2.2/lib/active_record/log_subscriber.rb:98
Redirected to http://localhost:3000/
Filter chain halted as :require_no_authentication rendered or redirected
Completed 302 Found in 8ms (ActiveRecord: 0.6ms)


Started GET "/" for 127.0.0.1 at 2019-01-22 16:49:28 +0200
Processing by Rails::WelcomeController#index as HTML
  Rendering /home/therandomtroll/.rvm/gems/ruby-2.6.0/gems/railties-5.2.2/lib/rails/templates/rails/welcome/index.html.erb
  Rendered /home/therandomtroll/.rvm/gems/ruby-2.6.0/gems/railties-5.2.2/lib/rails/templates/rails/welcome/index.html.erb (1.0ms)
Completed 200 OK in 2ms (Views: 1.4ms | ActiveRecord: 0.0ms)


Started GET "/users/sign_up" for 127.0.0.1 at 2019-01-22 16:49:33 +0200
Processing by Devise::RegistrationsController#new as HTML
  [1m[36mUser Load (0.1ms)[0m  [1m[34mSELECT  "users".* FROM "users" WHERE "users"."id" = ? ORDER BY "users"."id" ASC LIMIT ?[0m  [["id", 1], ["LIMIT", 1]]
  ↳ /home/therandomtroll/.rvm/gems/ruby-2.6.0/gems/activerecord-5.2.2/lib/active_record/log_subscriber.rb:98
Redirected to http://localhost:3000/
Filter chain halted as :require_no_authentication rendered or redirected
Completed 302 Found in 1ms (ActiveRecord: 0.1ms)


Started GET "/" for 127.0.0.1 at 2019-01-22 16:49:33 +0200
Processing by Rails::WelcomeController#index as HTML
  Rendering /home/therandomtroll/.rvm/gems/ruby-2.6.0/gems/railties-5.2.2/lib/rails/templates/rails/welcome/index.html.erb
  Rendered /home/therandomtroll/.rvm/gems/ruby-2.6.0/gems/railties-5.2.2/lib/rails/templates/rails/welcome/index.html.erb (1.1ms)
Completed 200 OK in 2ms (Views: 1.5ms | ActiveRecord: 0.0ms)


Started GET "/users/sign_out" for 127.0.0.1 at 2019-01-22 16:49:37 +0200
  
ActionController::RoutingError (No route matches [GET] "/users/sign_out"):
  
actionpack (5.2.2) lib/action_dispatch/middleware/debug_exceptions.rb:65:in `call'
web-console (3.7.0) lib/web_console/middleware.rb:135:in `call_app'
web-console (3.7.0) lib/web_console/middleware.rb:30:in `block in call'
web-console (3.7.0) lib/web_console/middleware.rb:20:in `catch'
web-console (3.7.0) lib/web_console/middleware.rb:20:in `call'
actionpack (5.2.2) lib/action_dispatch/middleware/show_exceptions.rb:33:in `call'
railties (5.2.2) lib/rails/rack/logger.rb:38:in `call_app'
railties (5.2.2) lib/rails/rack/logger.rb:26:in `block in call'
activesupport (5.2.2) lib/active_support/tagged_logging.rb:71:in `block in tagged'
activesupport (5.2.2) lib/active_support/tagged_logging.rb:28:in `tagged'
activesupport (5.2.2) lib/active_support/tagged_logging.rb:71:in `tagged'
railties (5.2.2) lib/rails/rack/logger.rb:26:in `call'
sprockets-rails (3.2.1) lib/sprockets/rails/quiet_assets.rb:13:in `call'
actionpack (5.2.2) lib/action_dispatch/middleware/remote_ip.rb:81:in `call'
actionpack (5.2.2) lib/action_dispatch/middleware/request_id.rb:27:in `call'
rack (2.0.6) lib/rack/method_override.rb:22:in `call'
rack (2.0.6) lib/rack/runtime.rb:22:in `call'
activesupport (5.2.2) lib/active_support/cache/strategy/local_cache_middleware.rb:29:in `call'
actionpack (5.2.2) lib/action_dispatch/middleware/executor.rb:14:in `call'
actionpack (5.2.2) lib/action_dispatch/middleware/static.rb:127:in `call'
rack (2.0.6) lib/rack/sendfile.rb:111:in `call'
railties (5.2.2) lib/rails/engine.rb:524:in `call'
puma (3.12.0) lib/puma/configuration.rb:225:in `call'
puma (3.12.0) lib/puma/server.rb:658:in `handle_request'
puma (3.12.0) lib/puma/server.rb:472:in `process_client'
puma (3.12.0) lib/puma/server.rb:332:in `block in run'
puma (3.12.0) lib/puma/thread_pool.rb:133:in `block in spawn_thread'
Started GET "/users/" for 127.0.0.1 at 2019-01-22 16:50:56 +0200
  
ActionController::RoutingError (No route matches [GET] "/users"):
  
actionpack (5.2.2) lib/action_dispatch/middleware/debug_exceptions.rb:65:in `call'
web-console (3.7.0) lib/web_console/middleware.rb:135:in `call_app'
web-console (3.7.0) lib/web_console/middleware.rb:30:in `block in call'
web-console (3.7.0) lib/web_console/middleware.rb:20:in `catch'
web-console (3.7.0) lib/web_console/middleware.rb:20:in `call'
actionpack (5.2.2) lib/action_dispatch/middleware/show_exceptions.rb:33:in `call'
railties (5.2.2) lib/rails/rack/logger.rb:38:in `call_app'
railties (5.2.2) lib/rails/rack/logger.rb:26:in `block in call'
activesupport (5.2.2) lib/active_support/tagged_logging.rb:71:in `block in tagged'
activesupport (5.2.2) lib/active_support/tagged_logging.rb:28:in `tagged'
activesupport (5.2.2) lib/active_support/tagged_logging.rb:71:in `tagged'
railties (5.2.2) lib/rails/rack/logger.rb:26:in `call'
sprockets-rails (3.2.1) lib/sprockets/rails/quiet_assets.rb:13:in `call'
actionpack (5.2.2) lib/action_dispatch/middleware/remote_ip.rb:81:in `call'
actionpack (5.2.2) lib/action_dispatch/middleware/request_id.rb:27:in `call'
rack (2.0.6) lib/rack/method_override.rb:22:in `call'
rack (2.0.6) lib/rack/runtime.rb:22:in `call'
activesupport (5.2.2) lib/active_support/cache/strategy/local_cache_middleware.rb:29:in `call'
actionpack (5.2.2) lib/action_dispatch/middleware/executor.rb:14:in `call'
actionpack (5.2.2) lib/action_dispatch/middleware/static.rb:127:in `call'
rack (2.0.6) lib/rack/sendfile.rb:111:in `call'
railties (5.2.2) lib/rails/engine.rb:524:in `call'
puma (3.12.0) lib/puma/configuration.rb:225:in `call'
puma (3.12.0) lib/puma/server.rb:658:in `handle_request'
puma (3.12.0) lib/puma/server.rb:472:in `process_client'
puma (3.12.0) lib/puma/server.rb:332:in `block in run'
puma (3.12.0) lib/puma/thread_pool.rb:133:in `block in spawn_thread'
Started GET "/users/edit" for 127.0.0.1 at 2019-01-22 16:51:05 +0200
Processing by Devise::RegistrationsController#edit as HTML
  [1m[36mUser Load (0.2ms)[0m  [1m[34mSELECT  "users".* FROM "users" WHERE "users"."id" = ? ORDER BY "users"."id" ASC LIMIT ?[0m  [["id", 1], ["LIMIT", 1]]
  ↳ /home/therandomtroll/.rvm/gems/ruby-2.6.0/gems/activerecord-5.2.2/lib/active_record/log_subscriber.rb:98
  Rendering /home/therandomtroll/.rvm/gems/ruby-2.6.0/gems/devise-4.5.0/app/views/devise/registrations/edit.html.erb within layouts/application
  Rendered /home/therandomtroll/.rvm/gems/ruby-2.6.0/gems/devise-4.5.0/app/views/devise/registrations/edit.html.erb within layouts/application (8.5ms)
Completed 200 OK in 118ms (Views: 116.6ms | ActiveRecord: 0.2ms)


Started GET "/user/" for 127.0.0.1 at 2019-01-22 16:51:27 +0200
  
ActionController::RoutingError (No route matches [GET] "/user"):
  
actionpack (5.2.2) lib/action_dispatch/middleware/debug_exceptions.rb:65:in `call'
web-console (3.7.0) lib/web_console/middleware.rb:135:in `call_app'
web-console (3.7.0) lib/web_console/middleware.rb:30:in `block in call'
web-console (3.7.0) lib/web_console/middleware.rb:20:in `catch'
web-console (3.7.0) lib/web_console/middleware.rb:20:in `call'
actionpack (5.2.2) lib/action_dispatch/middleware/show_exceptions.rb:33:in `call'
railties (5.2.2) lib/rails/rack/logger.rb:38:in `call_app'
railties (5.2.2) lib/rails/rack/logger.rb:26:in `block in call'
activesupport (5.2.2) lib/active_support/tagged_logging.rb:71:in `block in tagged'
activesupport (5.2.2) lib/active_support/tagged_logging.rb:28:in `tagged'
activesupport (5.2.2) lib/active_support/tagged_logging.rb:71:in `tagged'
railties (5.2.2) lib/rails/rack/logger.rb:26:in `call'
sprockets-rails (3.2.1) lib/sprockets/rails/quiet_assets.rb:13:in `call'
actionpack (5.2.2) lib/action_dispatch/middleware/remote_ip.rb:81:in `call'
actionpack (5.2.2) lib/action_dispatch/middleware/request_id.rb:27:in `call'
rack (2.0.6) lib/rack/method_override.rb:22:in `call'
rack (2.0.6) lib/rack/runtime.rb:22:in `call'
activesupport (5.2.2) lib/active_support/cache/strategy/local_cache_middleware.rb:29:in `call'
actionpack (5.2.2) lib/action_dispatch/middleware/executor.rb:14:in `call'
actionpack (5.2.2) lib/action_dispatch/middleware/static.rb:127:in `call'
rack (2.0.6) lib/rack/sendfile.rb:111:in `call'
railties (5.2.2) lib/rails/engine.rb:524:in `call'
puma (3.12.0) lib/puma/configuration.rb:225:in `call'
puma (3.12.0) lib/puma/server.rb:658:in `handle_request'
puma (3.12.0) lib/puma/server.rb:472:in `process_client'
puma (3.12.0) lib/puma/server.rb:332:in `block in run'
puma (3.12.0) lib/puma/thread_pool.rb:133:in `block in spawn_thread'
Started GET "/users/sign_out" for 127.0.0.1 at 2019-01-22 16:51:41 +0200
  
ActionController::RoutingError (No route matches [GET] "/users/sign_out"):
  
actionpack (5.2.2) lib/action_dispatch/middleware/debug_exceptions.rb:65:in `call'
web-console (3.7.0) lib/web_console/middleware.rb:135:in `call_app'
web-console (3.7.0) lib/web_console/middleware.rb:30:in `block in call'
web-console (3.7.0) lib/web_console/middleware.rb:20:in `catch'
web-console (3.7.0) lib/web_console/middleware.rb:20:in `call'
actionpack (5.2.2) lib/action_dispatch/middleware/show_exceptions.rb:33:in `call'
railties (5.2.2) lib/rails/rack/logger.rb:38:in `call_app'
railties (5.2.2) lib/rails/rack/logger.rb:26:in `block in call'
activesupport (5.2.2) lib/active_support/tagged_logging.rb:71:in `block in tagged'
activesupport (5.2.2) lib/active_support/tagged_logging.rb:28:in `tagged'
activesupport (5.2.2) lib/active_support/tagged_logging.rb:71:in `tagged'
railties (5.2.2) lib/rails/rack/logger.rb:26:in `call'
sprockets-rails (3.2.1) lib/sprockets/rails/quiet_assets.rb:13:in `call'
actionpack (5.2.2) lib/action_dispatch/middleware/remote_ip.rb:81:in `call'
actionpack (5.2.2) lib/action_dispatch/middleware/request_id.rb:27:in `call'
rack (2.0.6) lib/rack/method_override.rb:22:in `call'
rack (2.0.6) lib/rack/runtime.rb:22:in `call'
activesupport (5.2.2) lib/active_support/cache/strategy/local_cache_middleware.rb:29:in `call'
actionpack (5.2.2) lib/action_dispatch/middleware/executor.rb:14:in `call'
actionpack (5.2.2) lib/action_dispatch/middleware/static.rb:127:in `call'
rack (2.0.6) lib/rack/sendfile.rb:111:in `call'
railties (5.2.2) lib/rails/engine.rb:524:in `call'
puma (3.12.0) lib/puma/configuration.rb:225:in `call'
puma (3.12.0) lib/puma/server.rb:658:in `handle_request'
puma (3.12.0) lib/puma/server.rb:472:in `process_client'
puma (3.12.0) lib/puma/server.rb:332:in `block in run'
puma (3.12.0) lib/puma/thread_pool.rb:133:in `block in spawn_thread'
Started GET "/" for 127.0.0.1 at 2019-01-22 16:51:53 +0200
Processing by Rails::WelcomeController#index as HTML
  Rendering /home/therandomtroll/.rvm/gems/ruby-2.6.0/gems/railties-5.2.2/lib/rails/templates/rails/welcome/index.html.erb
  Rendered /home/therandomtroll/.rvm/gems/ruby-2.6.0/gems/railties-5.2.2/lib/rails/templates/rails/welcome/index.html.erb (1.2ms)
Completed 200 OK in 2ms (Views: 1.7ms | ActiveRecord: 0.0ms)


Started GET "/" for 127.0.0.1 at 2019-01-22 16:57:40 +0200
  [1m[35m (0.1ms)[0m  [1m[34mSELECT "schema_migrations"."version" FROM "schema_migrations" ORDER BY "schema_migrations"."version" ASC[0m
  ↳ /home/therandomtroll/.rvm/gems/ruby-2.6.0/gems/activerecord-5.2.2/lib/active_record/log_subscriber.rb:98
Processing by WelcomeController#index as HTML
  Rendering welcome/index.html.erb within layouts/application
  [1m[36mUser Load (0.1ms)[0m  [1m[34mSELECT  "users".* FROM "users" WHERE "users"."id" = ? ORDER BY "users"."id" ASC LIMIT ?[0m  [["id", 1], ["LIMIT", 1]]
  ↳ app/views/welcome/index.html.erb:3
  Rendered welcome/index.html.erb within layouts/application (5.8ms)
Completed 200 OK in 843ms (Views: 838.9ms | ActiveRecord: 0.4ms)


Started DELETE "/users/sign_out" for 127.0.0.1 at 2019-01-22 16:57:46 +0200
Processing by Devise::SessionsController#destroy as HTML
  Parameters: {"authenticity_token"=>"a31s1wPTo+W9pEHLwBps3Kndc+qPHtx3bCnzL2hik+S8yDT3k85Qh0Zm93i4HTvZATJLyGdTHWl4Vni4Hs67aQ=="}
  [1m[36mUser Load (0.1ms)[0m  [1m[34mSELECT  "users".* FROM "users" WHERE "users"."id" = ? ORDER BY "users"."id" ASC LIMIT ?[0m  [["id", 1], ["LIMIT", 1]]
  ↳ /home/therandomtroll/.rvm/gems/ruby-2.6.0/gems/activerecord-5.2.2/lib/active_record/log_subscriber.rb:98
  [1m[35m (0.0ms)[0m  [1m[36mbegin transaction[0m
  ↳ /home/therandomtroll/.rvm/gems/ruby-2.6.0/gems/activerecord-5.2.2/lib/active_record/log_subscriber.rb:98
  [1m[35m (0.0ms)[0m  [1m[36mcommit transaction[0m
  ↳ /home/therandomtroll/.rvm/gems/ruby-2.6.0/gems/activerecord-5.2.2/lib/active_record/log_subscriber.rb:98
Redirected to http://localhost:3000/
Completed 302 Found in 4ms (ActiveRecord: 0.2ms)


Started GET "/" for 127.0.0.1 at 2019-01-22 16:57:46 +0200
Processing by WelcomeController#index as HTML
  Rendering welcome/index.html.erb within layouts/application
  Rendered welcome/index.html.erb within layouts/application (2.2ms)
Completed 200 OK in 10ms (Views: 9.8ms | ActiveRecord: 0.0ms)


Started GET "/users/sign_in" for 127.0.0.1 at 2019-01-22 16:57:49 +0200
Processing by Devise::SessionsController#new as HTML
  Rendering /home/therandomtroll/.rvm/gems/ruby-2.6.0/gems/devise-4.5.0/app/views/devise/sessions/new.html.erb within layouts/application
  Rendered /home/therandomtroll/.rvm/gems/ruby-2.6.0/gems/devise-4.5.0/app/views/devise/shared/_links.html.erb (0.7ms)
  Rendered /home/therandomtroll/.rvm/gems/ruby-2.6.0/gems/devise-4.5.0/app/views/devise/sessions/new.html.erb within layouts/application (7.2ms)
Completed 200 OK in 17ms (Views: 16.1ms | ActiveRecord: 0.0ms)


Started POST "/users/sign_in" for 127.0.0.1 at 2019-01-22 16:57:55 +0200
Processing by Devise::SessionsController#create as HTML
  Parameters: {"utf8"=>"✓", "authenticity_token"=>"3rE/0qz7vJ5Pq2g4PWS1ZzkTWXxpXEh9CcjhFJPI8AqusT/ImluD+tniWB1ZK5ldhaNvB7jpmVCdn1NLD+Le7w==", "user"=>{"email"=>"mihailgerginov01@gmail.com", "password"=>"[FILTERED]", "remember_me"=>"0"}, "commit"=>"Log in"}
  [1m[36mUser Load (0.1ms)[0m  [1m[34mSELECT  "users".* FROM "users" WHERE "users"."email" = ? ORDER BY "users"."id" ASC LIMIT ?[0m  [["email", "mihailgerginov01@gmail.com"], ["LIMIT", 1]]
  ↳ /home/therandomtroll/.rvm/gems/ruby-2.6.0/gems/activerecord-5.2.2/lib/active_record/log_subscriber.rb:98
Redirected to http://localhost:3000/
Completed 302 Found in 99ms (ActiveRecord: 0.1ms)


Started GET "/" for 127.0.0.1 at 2019-01-22 16:57:55 +0200
Processing by WelcomeController#index as HTML
  Rendering welcome/index.html.erb within layouts/application
  [1m[36mUser Load (0.1ms)[0m  [1m[34mSELECT  "users".* FROM "users" WHERE "users"."id" = ? ORDER BY "users"."id" ASC LIMIT ?[0m  [["id", 1], ["LIMIT", 1]]
  ↳ app/views/welcome/index.html.erb:3
  Rendered welcome/index.html.erb within layouts/application (1.2ms)
Completed 200 OK in 11ms (Views: 9.9ms | ActiveRecord: 0.1ms)


Started DELETE "/users/sign_out" for 127.0.0.1 at 2019-01-22 16:58:04 +0200
Processing by Devise::SessionsController#destroy as HTML
  Parameters: {"authenticity_token"=>"9AEljsRj7oIG+NUGcQi5Z0xmeQWIJyqAmq6Jck9caAwzeultgvJqnr0YynqSA824ND0PSXIhDUwA6Qb1I4g6Ig=="}
  [1m[36mUser Load (0.1ms)[0m  [1m[34mSELECT  "users".* FROM "users" WHERE "users"."id" = ? ORDER BY "users"."id" ASC LIMIT ?[0m  [["id", 1], ["LIMIT", 1]]
  ↳ /home/therandomtroll/.rvm/gems/ruby-2.6.0/gems/activerecord-5.2.2/lib/active_record/log_subscriber.rb:98
  [1m[35m (0.0ms)[0m  [1m[36mbegin transaction[0m
  ↳ /home/therandomtroll/.rvm/gems/ruby-2.6.0/gems/activerecord-5.2.2/lib/active_record/log_subscriber.rb:98
  [1m[35m (0.0ms)[0m  [1m[36mcommit transaction[0m
  ↳ /home/therandomtroll/.rvm/gems/ruby-2.6.0/gems/activerecord-5.2.2/lib/active_record/log_subscriber.rb:98
Redirected to http://localhost:3000/
Completed 302 Found in 2ms (ActiveRecord: 0.2ms)


Started GET "/" for 127.0.0.1 at 2019-01-22 16:58:04 +0200
Processing by WelcomeController#index as HTML
  Rendering welcome/index.html.erb within layouts/application
  Rendered welcome/index.html.erb within layouts/application (0.5ms)
Completed 200 OK in 9ms (Views: 8.3ms | ActiveRecord: 0.0ms)


Started GET "/" for 127.0.0.1 at 2019-01-22 16:58:19 +0200
Processing by WelcomeController#index as HTML
  Rendering welcome/index.html.erb within layouts/application
  Rendered welcome/index.html.erb within layouts/application (0.5ms)
Completed 200 OK in 9ms (Views: 8.2ms | ActiveRecord: 0.0ms)


Started GET "/" for 127.0.0.1 at 2019-01-22 16:59:34 +0200
  [1m[35m (0.1ms)[0m  [1m[34mSELECT "schema_migrations"."version" FROM "schema_migrations" ORDER BY "schema_migrations"."version" ASC[0m
  ↳ /home/therandomtroll/.rvm/gems/ruby-2.6.0/gems/activerecord-5.2.2/lib/active_record/log_subscriber.rb:98
  
ActiveRecord::PendingMigrationError (

Migrations are pending. To resolve this issue, run:

        bin/rails db:migrate RAILS_ENV=development

):
  
activerecord (5.2.2) lib/active_record/migration.rb:579:in `check_pending!'
activerecord (5.2.2) lib/active_record/migration.rb:556:in `call'
actionpack (5.2.2) lib/action_dispatch/middleware/callbacks.rb:28:in `block in call'
activesupport (5.2.2) lib/active_support/callbacks.rb:98:in `run_callbacks'
actionpack (5.2.2) lib/action_dispatch/middleware/callbacks.rb:26:in `call'
actionpack (5.2.2) lib/action_dispatch/middleware/executor.rb:14:in `call'
actionpack (5.2.2) lib/action_dispatch/middleware/debug_exceptions.rb:61:in `call'
web-console (3.7.0) lib/web_console/middleware.rb:135:in `call_app'
web-console (3.7.0) lib/web_console/middleware.rb:30:in `block in call'
web-console (3.7.0) lib/web_console/middleware.rb:20:in `catch'
web-console (3.7.0) lib/web_console/middleware.rb:20:in `call'
actionpack (5.2.2) lib/action_dispatch/middleware/show_exceptions.rb:33:in `call'
railties (5.2.2) lib/rails/rack/logger.rb:38:in `call_app'
railties (5.2.2) lib/rails/rack/logger.rb:26:in `block in call'
activesupport (5.2.2) lib/active_support/tagged_logging.rb:71:in `block in tagged'
activesupport (5.2.2) lib/active_support/tagged_logging.rb:28:in `tagged'
activesupport (5.2.2) lib/active_support/tagged_logging.rb:71:in `tagged'
railties (5.2.2) lib/rails/rack/logger.rb:26:in `call'
sprockets-rails (3.2.1) lib/sprockets/rails/quiet_assets.rb:13:in `call'
actionpack (5.2.2) lib/action_dispatch/middleware/remote_ip.rb:81:in `call'
actionpack (5.2.2) lib/action_dispatch/middleware/request_id.rb:27:in `call'
rack (2.0.6) lib/rack/method_override.rb:22:in `call'
rack (2.0.6) lib/rack/runtime.rb:22:in `call'
activesupport (5.2.2) lib/active_support/cache/strategy/local_cache_middleware.rb:29:in `call'
actionpack (5.2.2) lib/action_dispatch/middleware/executor.rb:14:in `call'
actionpack (5.2.2) lib/action_dispatch/middleware/static.rb:127:in `call'
rack (2.0.6) lib/rack/sendfile.rb:111:in `call'
railties (5.2.2) lib/rails/engine.rb:524:in `call'
puma (3.12.0) lib/puma/configuration.rb:225:in `call'
puma (3.12.0) lib/puma/server.rb:658:in `handle_request'
puma (3.12.0) lib/puma/server.rb:472:in `process_client'
puma (3.12.0) lib/puma/server.rb:332:in `block in run'
puma (3.12.0) lib/puma/thread_pool.rb:133:in `block in spawn_thread'
  [1m[35m (0.1ms)[0m  [1m[34mSELECT "schema_migrations"."version" FROM "schema_migrations" ORDER BY "schema_migrations"."version" ASC[0m
  ↳ /home/therandomtroll/.rvm/rubies/ruby-2.6.0/lib/ruby/gems/2.6.0/gems/rake-12.3.2/lib/rake/task.rb:273
Migrating to CreateDocuments (20190122145919)
  [1m[35m (0.0ms)[0m  [1m[36mbegin transaction[0m
  ↳ /home/therandomtroll/.rvm/rubies/ruby-2.6.0/lib/ruby/gems/2.6.0/gems/rake-12.3.2/lib/rake/task.rb:273
  [1m[35m (0.1ms)[0m  [1m[34mSELECT sqlite_version(*)[0m
  ↳ db/migrate/20190122145919_create_documents.rb:3
  [1m[35m (0.2ms)[0m  [1m[35mCREATE TABLE "documents" ("id" integer PRIMARY KEY AUTOINCREMENT NOT NULL, "document_name" varchar, "description" varchar, "content" varchar, "created_at" datetime NOT NULL, "updated_at" datetime NOT NULL)[0m
  ↳ db/migrate/20190122145919_create_documents.rb:3
  [1m[36mActiveRecord::SchemaMigration Create (0.1ms)[0m  [1m[32mINSERT INTO "schema_migrations" ("version") VALUES (?)[0m  [["version", "20190122145919"]]
  ↳ /home/therandomtroll/.rvm/rubies/ruby-2.6.0/lib/ruby/gems/2.6.0/gems/rake-12.3.2/lib/rake/task.rb:273
  [1m[35m (63.2ms)[0m  [1m[36mcommit transaction[0m
  ↳ /home/therandomtroll/.rvm/rubies/ruby-2.6.0/lib/ruby/gems/2.6.0/gems/rake-12.3.2/lib/rake/task.rb:273
  [1m[36mActiveRecord::InternalMetadata Load (0.1ms)[0m  [1m[34mSELECT  "ar_internal_metadata".* FROM "ar_internal_metadata" WHERE "ar_internal_metadata"."key" = ? LIMIT ?[0m  [["key", "environment"], ["LIMIT", 1]]
  ↳ /home/therandomtroll/.rvm/rubies/ruby-2.6.0/lib/ruby/gems/2.6.0/gems/rake-12.3.2/lib/rake/task.rb:273
  [1m[35m (0.0ms)[0m  [1m[36mbegin transaction[0m
  ↳ /home/therandomtroll/.rvm/rubies/ruby-2.6.0/lib/ruby/gems/2.6.0/gems/rake-12.3.2/lib/rake/task.rb:273
  [1m[35m (0.0ms)[0m  [1m[36mcommit transaction[0m
  ↳ /home/therandomtroll/.rvm/rubies/ruby-2.6.0/lib/ruby/gems/2.6.0/gems/rake-12.3.2/lib/rake/task.rb:273
  [1m[35m (0.1ms)[0m  [1m[34mSELECT "schema_migrations"."version" FROM "schema_migrations" ORDER BY "schema_migrations"."version" ASC[0m
  ↳ /home/therandomtroll/.rvm/rubies/ruby-2.6.0/lib/ruby/gems/2.6.0/gems/rake-12.3.2/lib/rake/task.rb:273
Started GET "/" for 127.0.0.1 at 2019-01-22 16:59:49 +0200
  [1m[35m (0.1ms)[0m  [1m[34mSELECT "schema_migrations"."version" FROM "schema_migrations" ORDER BY "schema_migrations"."version" ASC[0m
  ↳ /home/therandomtroll/.rvm/gems/ruby-2.6.0/gems/activerecord-5.2.2/lib/active_record/log_subscriber.rb:98
Processing by WelcomeController#index as HTML
  Rendering welcome/index.html.erb within layouts/application
  Rendered welcome/index.html.erb within layouts/application (2.2ms)
Completed 200 OK in 195ms (Views: 191.5ms | ActiveRecord: 0.0ms)


Started GET "/documents" for 127.0.0.1 at 2019-01-22 17:00:01 +0200
Processing by DocumentsController#index as HTML
  Rendering documents/index.html.erb within layouts/application
  [1m[36mDocument Load (0.2ms)[0m  [1m[34mSELECT "documents".* FROM "documents"[0m
  ↳ app/views/documents/index.html.erb:16
  Rendered documents/index.html.erb within layouts/application (1.5ms)
Completed 200 OK in 12ms (Views: 10.5ms | ActiveRecord: 0.3ms)


Started GET "/documents/new" for 127.0.0.1 at 2019-01-22 17:00:03 +0200
Processing by DocumentsController#new as HTML
  Rendering documents/new.html.erb within layouts/application
  Rendered documents/_form.html.erb (4.5ms)
  Rendered documents/new.html.erb within layouts/application (5.2ms)
Completed 200 OK in 20ms (Views: 14.9ms | ActiveRecord: 0.4ms)


Started GET "/documents/new" for 127.0.0.1 at 2019-01-22 17:06:30 +0200
  [1m[35m (0.1ms)[0m  [1m[34mSELECT "schema_migrations"."version" FROM "schema_migrations" ORDER BY "schema_migrations"."version" ASC[0m
  ↳ /home/therandomtroll/.rvm/gems/ruby-2.6.0/gems/activerecord-5.2.2/lib/active_record/log_subscriber.rb:98
Processing by DocumentsController#new as HTML
  Rendering documents/new.html.erb within layouts/application
  Rendered documents/_form.html.erb (3.3ms)
  Rendered documents/new.html.erb within layouts/application (4.0ms)
Completed 200 OK in 161ms (Views: 153.2ms | ActiveRecord: 0.3ms)


Started GET "/documents" for 127.0.0.1 at 2019-01-22 17:06:34 +0200
Processing by DocumentsController#index as HTML
  Rendering documents/index.html.erb within layouts/application
  [1m[36mDocument Load (0.2ms)[0m  [1m[34mSELECT "documents".* FROM "documents"[0m
  ↳ app/views/documents/index.html.erb:5
  Rendered documents/index.html.erb within layouts/application (1.4ms)
Completed 200 OK in 13ms (Views: 11.8ms | ActiveRecord: 0.2ms)


Started GET "/" for 127.0.0.1 at 2019-01-22 17:07:15 +0200
Processing by WelcomeController#index as HTML
  Rendering welcome/index.html.erb within layouts/application
  Rendered welcome/index.html.erb within layouts/application (2.1ms)
Completed 200 OK in 12ms (Views: 11.0ms | ActiveRecord: 0.0ms)


Started GET "/documents/new" for 127.0.0.1 at 2019-01-22 17:07:23 +0200
Processing by DocumentsController#new as HTML
  Rendering documents/new.html.erb within layouts/application
  Rendered documents/_form.html.erb (2.2ms)
  Rendered documents/new.html.erb within layouts/application (3.0ms)
Completed 200 OK in 16ms (Views: 15.0ms | ActiveRecord: 0.0ms)


Started POST "/documents" for 127.0.0.1 at 2019-01-22 17:07:31 +0200
Processing by DocumentsController#create as HTML
  Parameters: {"utf8"=>"✓", "authenticity_token"=>"RgR7bCc3gWHLAB8FimpA1T7BzsRbmut9670yYijzXS5SP+GC8LBtMusiTTfkukHobmvtrZzBWQPkq3Yrdz+EZQ==", "document"=>{"document_name"=>"asd", "description"=>"asd", "content"=>"odiahvjkwbefl;qk kljwefkln cwekldn wkef wkfnd slmcn wpeofqi "}, "commit"=>"Create Document"}
  [1m[35m (0.0ms)[0m  [1m[36mbegin transaction[0m
  ↳ app/controllers/documents_controller.rb:30
  [1m[36mDocument Create (0.2ms)[0m  [1m[32mINSERT INTO "documents" ("document_name", "description", "content", "created_at", "updated_at") VALUES (?, ?, ?, ?, ?)[0m  [["document_name", "asd"], ["description", "asd"], ["content", "odiahvjkwbefl;qk kljwefkln cwekldn wkef wkfnd slmcn wpeofqi "], ["created_at", "2019-01-22 15:07:31.127596"], ["updated_at", "2019-01-22 15:07:31.127596"]]
  ↳ app/controllers/documents_controller.rb:30
  [1m[35m (135.6ms)[0m  [1m[36mcommit transaction[0m
  ↳ app/controllers/documents_controller.rb:30
Redirected to http://localhost:3000/documents/1
Completed 302 Found in 140ms (ActiveRecord: 135.9ms)


Started GET "/documents/1" for 127.0.0.1 at 2019-01-22 17:07:31 +0200
Processing by DocumentsController#show as HTML
  Parameters: {"id"=>"1"}
  [1m[36mDocument Load (0.1ms)[0m  [1m[34mSELECT  "documents".* FROM "documents" WHERE "documents"."id" = ? LIMIT ?[0m  [["id", 1], ["LIMIT", 1]]
  ↳ app/controllers/documents_controller.rb:67
  Rendering documents/show.html.erb within layouts/application
  Rendered documents/show.html.erb within layouts/application (0.4ms)
Completed 200 OK in 10ms (Views: 8.3ms | ActiveRecord: 0.1ms)


Started GET "/documents" for 127.0.0.1 at 2019-01-22 17:08:52 +0200
Processing by DocumentsController#index as HTML
  Rendering documents/index.html.erb within layouts/application
  [1m[36mDocument Load (0.2ms)[0m  [1m[34mSELECT "documents".* FROM "documents"[0m
  ↳ app/views/documents/index.html.erb:5
  Rendered documents/index.html.erb within layouts/application (1.5ms)
Completed 200 OK in 13ms (Views: 11.9ms | ActiveRecord: 0.2ms)


Started GET "/documents" for 127.0.0.1 at 2019-01-22 17:09:21 +0200
Processing by DocumentsController#index as HTML
  Rendering documents/index.html.erb within layouts/application
  [1m[36mDocument Load (0.1ms)[0m  [1m[34mSELECT "documents".* FROM "documents"[0m
  ↳ app/views/documents/index.html.erb:5
  Rendered documents/index.html.erb within layouts/application (1.1ms)
Completed 200 OK in 11ms (Views: 10.0ms | ActiveRecord: 0.1ms)


Started GET "/documents/1" for 127.0.0.1 at 2019-01-22 17:09:22 +0200
Processing by DocumentsController#show as HTML
  Parameters: {"id"=>"1"}
  [1m[36mDocument Load (0.1ms)[0m  [1m[34mSELECT  "documents".* FROM "documents" WHERE "documents"."id" = ? LIMIT ?[0m  [["id", 1], ["LIMIT", 1]]
  ↳ app/controllers/documents_controller.rb:67
  Rendering documents/show.html.erb within layouts/application
  Rendered documents/show.html.erb within layouts/application (0.7ms)
Completed 200 OK in 12ms (Views: 10.6ms | ActiveRecord: 0.1ms)


Started GET "/documents" for 127.0.0.1 at 2019-01-22 17:09:29 +0200
Processing by DocumentsController#index as HTML
  Rendering documents/index.html.erb within layouts/application
  [1m[36mDocument Load (0.2ms)[0m  [1m[34mSELECT "documents".* FROM "documents"[0m
  ↳ app/views/documents/index.html.erb:5
  Rendered documents/index.html.erb within layouts/application (1.5ms)
Completed 200 OK in 14ms (Views: 12.4ms | ActiveRecord: 0.2ms)


Started GET "/documents" for 127.0.0.1 at 2019-01-22 17:10:17 +0200
Processing by DocumentsController#index as HTML
  Rendering documents/index.html.erb within layouts/application
  [1m[36mDocument Load (0.1ms)[0m  [1m[34mSELECT "documents".* FROM "documents"[0m
  ↳ app/views/documents/index.html.erb:5
  Rendered documents/index.html.erb within layouts/application (0.9ms)
Completed 200 OK in 9ms (Views: 8.8ms | ActiveRecord: 0.1ms)


Started GET "/users/sign_in" for 127.0.0.1 at 2019-01-22 17:10:25 +0200
Processing by Devise::SessionsController#new as HTML
  Rendering /home/therandomtroll/.rvm/gems/ruby-2.6.0/gems/devise-4.5.0/app/views/devise/sessions/new.html.erb within layouts/application
  Rendered /home/therandomtroll/.rvm/gems/ruby-2.6.0/gems/devise-4.5.0/app/views/devise/shared/_links.html.erb (0.6ms)
  Rendered /home/therandomtroll/.rvm/gems/ruby-2.6.0/gems/devise-4.5.0/app/views/devise/sessions/new.html.erb within layouts/application (15.2ms)
Completed 200 OK in 30ms (Views: 24.1ms | ActiveRecord: 0.5ms)


Started POST "/users/sign_in" for 127.0.0.1 at 2019-01-22 17:10:30 +0200
Processing by Devise::SessionsController#create as HTML
  Parameters: {"utf8"=>"✓", "authenticity_token"=>"OoZC5Sh9pIrwbZXBdTo/nwQbYxf4fCoiA/VL1UKbn3xj+qwdEMRKuvjpDSWgJUvYfwyCsh0b6M/WOQhxHqylyw==", "user"=>{"email"=>"mihailgerginov01@gmail.com", "password"=>"[FILTERED]", "remember_me"=>"0"}, "commit"=>"Log in"}
  [1m[36mUser Load (0.1ms)[0m  [1m[34mSELECT  "users".* FROM "users" WHERE "users"."email" = ? ORDER BY "users"."id" ASC LIMIT ?[0m  [["email", "mihailgerginov01@gmail.com"], ["LIMIT", 1]]
  ↳ /home/therandomtroll/.rvm/gems/ruby-2.6.0/gems/activerecord-5.2.2/lib/active_record/log_subscriber.rb:98
Redirected to http://localhost:3000/
Completed 302 Found in 98ms (ActiveRecord: 0.1ms)


Started GET "/" for 127.0.0.1 at 2019-01-22 17:10:30 +0200
Processing by WelcomeController#index as HTML
  Rendering welcome/index.html.erb within layouts/application
  [1m[36mUser Load (0.1ms)[0m  [1m[34mSELECT  "users".* FROM "users" WHERE "users"."id" = ? ORDER BY "users"."id" ASC LIMIT ?[0m  [["id", 1], ["LIMIT", 1]]
  ↳ app/views/welcome/index.html.erb:3
  Rendered welcome/index.html.erb within layouts/application (1.0ms)
Completed 200 OK in 10ms (Views: 9.3ms | ActiveRecord: 0.1ms)


Started GET "/" for 127.0.0.1 at 2019-01-22 17:11:20 +0200
Processing by WelcomeController#index as HTML
  Rendering welcome/index.html.erb within layouts/application
  Rendered welcome/index.html.erb within layouts/application (0.2ms)
  [1m[36mUser Load (0.1ms)[0m  [1m[34mSELECT  "users".* FROM "users" WHERE "users"."id" = ? ORDER BY "users"."id" ASC LIMIT ?[0m  [["id", 1], ["LIMIT", 1]]
  ↳ app/views/layouts/application.html.erb:13
Completed 200 OK in 10ms (Views: 9.1ms | ActiveRecord: 0.1ms)


Started GET "/" for 127.0.0.1 at 2019-01-22 17:11:27 +0200
Processing by WelcomeController#index as HTML
  Rendering welcome/index.html.erb within layouts/application
  Rendered welcome/index.html.erb within layouts/application (0.2ms)
  [1m[36mUser Load (0.1ms)[0m  [1m[34mSELECT  "users".* FROM "users" WHERE "users"."id" = ? ORDER BY "users"."id" ASC LIMIT ?[0m  [["id", 1], ["LIMIT", 1]]
  ↳ app/views/layouts/application.html.erb:13
Completed 200 OK in 9ms (Views: 8.6ms | ActiveRecord: 0.1ms)


Started GET "/documents" for 127.0.0.1 at 2019-01-22 17:11:31 +0200
Processing by DocumentsController#index as HTML
  Rendering documents/index.html.erb within layouts/application
  [1m[36mDocument Load (0.1ms)[0m  [1m[34mSELECT "documents".* FROM "documents"[0m
  ↳ app/views/documents/index.html.erb:5
  Rendered documents/index.html.erb within layouts/application (1.4ms)
  [1m[36mUser Load (0.1ms)[0m  [1m[34mSELECT  "users".* FROM "users" WHERE "users"."id" = ? ORDER BY "users"."id" ASC LIMIT ?[0m  [["id", 1], ["LIMIT", 1]]
  ↳ app/views/layouts/application.html.erb:13
Completed 200 OK in 12ms (Views: 10.7ms | ActiveRecord: 0.2ms)


Started GET "/documents" for 127.0.0.1 at 2019-01-22 17:12:39 +0200
Processing by DocumentsController#index as HTML
  Rendering documents/index.html.erb within layouts/application
  [1m[36mDocument Load (0.1ms)[0m  [1m[34mSELECT "documents".* FROM "documents"[0m
  ↳ app/views/documents/index.html.erb:5
  Rendered documents/index.html.erb within layouts/application (0.9ms)
  [1m[36mUser Load (0.1ms)[0m  [1m[34mSELECT  "users".* FROM "users" WHERE "users"."id" = ? ORDER BY "users"."id" ASC LIMIT ?[0m  [["id", 1], ["LIMIT", 1]]
  ↳ app/views/layouts/application.html.erb:13
Completed 200 OK in 11ms (Views: 9.8ms | ActiveRecord: 0.2ms)


Started GET "/documents" for 127.0.0.1 at 2019-01-22 17:12:53 +0200
Processing by DocumentsController#index as HTML
  Rendering documents/index.html.erb within layouts/application
  [1m[36mDocument Load (0.1ms)[0m  [1m[34mSELECT "documents".* FROM "documents"[0m
  ↳ app/views/documents/index.html.erb:5
  Rendered documents/index.html.erb within layouts/application (0.8ms)
  [1m[36mUser Load (0.2ms)[0m  [1m[34mSELECT  "users".* FROM "users" WHERE "users"."id" = ? ORDER BY "users"."id" ASC LIMIT ?[0m  [["id", 1], ["LIMIT", 1]]
  ↳ app/views/layouts/application.html.erb:13
Completed 200 OK in 11ms (Views: 9.9ms | ActiveRecord: 0.2ms)


Started GET "/documents" for 127.0.0.1 at 2019-01-22 17:13:01 +0200
Processing by DocumentsController#index as HTML
  Rendering documents/index.html.erb within layouts/application
  [1m[36mDocument Load (0.1ms)[0m  [1m[34mSELECT "documents".* FROM "documents"[0m
  ↳ app/views/documents/index.html.erb:5
  Rendered documents/index.html.erb within layouts/application (1.1ms)
  [1m[36mUser Load (0.1ms)[0m  [1m[34mSELECT  "users".* FROM "users" WHERE "users"."id" = ? ORDER BY "users"."id" ASC LIMIT ?[0m  [["id", 1], ["LIMIT", 1]]
  ↳ app/views/layouts/application.html.erb:13
Completed 200 OK in 12ms (Views: 11.3ms | ActiveRecord: 0.2ms)


Started GET "/documents" for 127.0.0.1 at 2019-01-22 17:13:27 +0200
Processing by DocumentsController#index as HTML
  Rendering documents/index.html.erb within layouts/application
  [1m[36mDocument Load (0.2ms)[0m  [1m[34mSELECT "documents".* FROM "documents"[0m
  ↳ app/views/documents/index.html.erb:5
  Rendered documents/index.html.erb within layouts/application (1.3ms)
  [1m[36mUser Load (0.1ms)[0m  [1m[34mSELECT  "users".* FROM "users" WHERE "users"."id" = ? ORDER BY "users"."id" ASC LIMIT ?[0m  [["id", 1], ["LIMIT", 1]]
  ↳ app/views/layouts/application.html.erb:13
Completed 200 OK in 11ms (Views: 10.5ms | ActiveRecord: 0.3ms)


Started GET "/" for 127.0.0.1 at 2019-01-22 17:13:29 +0200
Processing by WelcomeController#index as HTML
  Rendering welcome/index.html.erb within layouts/application
  Rendered welcome/index.html.erb within layouts/application (0.2ms)
  [1m[36mUser Load (0.2ms)[0m  [1m[34mSELECT  "users".* FROM "users" WHERE "users"."id" = ? ORDER BY "users"."id" ASC LIMIT ?[0m  [["id", 1], ["LIMIT", 1]]
  ↳ app/views/layouts/application.html.erb:13
Completed 200 OK in 14ms (Views: 12.5ms | ActiveRecord: 0.2ms)


Started GET "/" for 127.0.0.1 at 2019-01-22 17:14:03 +0200
Processing by WelcomeController#index as HTML
  Rendering welcome/index.html.erb within layouts/application
  Rendered welcome/index.html.erb within layouts/application (0.3ms)
  [1m[36mUser Load (0.1ms)[0m  [1m[34mSELECT  "users".* FROM "users" WHERE "users"."id" = ? ORDER BY "users"."id" ASC LIMIT ?[0m  [["id", 1], ["LIMIT", 1]]
  ↳ app/views/layouts/application.html.erb:13
Completed 200 OK in 21ms (Views: 20.6ms | ActiveRecord: 0.1ms)


Started GET "/documents" for 127.0.0.1 at 2019-01-22 17:14:04 +0200
Processing by DocumentsController#index as HTML
  Rendering documents/index.html.erb within layouts/application
  [1m[36mDocument Load (0.2ms)[0m  [1m[34mSELECT "documents".* FROM "documents"[0m
  ↳ app/views/documents/index.html.erb:5
  Rendered documents/index.html.erb within layouts/application (1.9ms)
  [1m[36mUser Load (0.1ms)[0m  [1m[34mSELECT  "users".* FROM "users" WHERE "users"."id" = ? ORDER BY "users"."id" ASC LIMIT ?[0m  [["id", 1], ["LIMIT", 1]]
  ↳ app/views/layouts/application.html.erb:13
Completed 200 OK in 15ms (Views: 14.0ms | ActiveRecord: 0.3ms)


Started GET "/documents/1" for 127.0.0.1 at 2019-01-22 17:14:07 +0200
Processing by DocumentsController#show as HTML
  Parameters: {"id"=>"1"}
  [1m[36mDocument Load (0.1ms)[0m  [1m[34mSELECT  "documents".* FROM "documents" WHERE "documents"."id" = ? LIMIT ?[0m  [["id", 1], ["LIMIT", 1]]
  ↳ app/controllers/documents_controller.rb:67
  Rendering documents/show.html.erb within layouts/application
  Rendered documents/show.html.erb within layouts/application (0.7ms)
  [1m[36mUser Load (0.1ms)[0m  [1m[34mSELECT  "users".* FROM "users" WHERE "users"."id" = ? ORDER BY "users"."id" ASC LIMIT ?[0m  [["id", 1], ["LIMIT", 1]]
  ↳ app/views/layouts/application.html.erb:13
Completed 200 OK in 16ms (Views: 14.7ms | ActiveRecord: 0.2ms)


Started GET "/documents" for 127.0.0.1 at 2019-01-22 17:14:10 +0200
Processing by DocumentsController#index as HTML
  Rendering documents/index.html.erb within layouts/application
  [1m[36mDocument Load (0.3ms)[0m  [1m[34mSELECT "documents".* FROM "documents"[0m
  ↳ app/views/documents/index.html.erb:5
  Rendered documents/index.html.erb within layouts/application (2.5ms)
  [1m[36mUser Load (0.2ms)[0m  [1m[34mSELECT  "users".* FROM "users" WHERE "users"."id" = ? ORDER BY "users"."id" ASC LIMIT ?[0m  [["id", 1], ["LIMIT", 1]]
  ↳ app/views/layouts/application.html.erb:13
Completed 200 OK in 16ms (Views: 15.4ms | ActiveRecord: 0.4ms)


Started GET "/documents/1" for 127.0.0.1 at 2019-01-22 17:14:13 +0200
Processing by DocumentsController#show as HTML
  Parameters: {"id"=>"1"}
  [1m[36mDocument Load (0.2ms)[0m  [1m[34mSELECT  "documents".* FROM "documents" WHERE "documents"."id" = ? LIMIT ?[0m  [["id", 1], ["LIMIT", 1]]
  ↳ app/controllers/documents_controller.rb:67
  Rendering documents/show.html.erb within layouts/application
  Rendered documents/show.html.erb within layouts/application (0.5ms)
  [1m[36mUser Load (0.1ms)[0m  [1m[34mSELECT  "users".* FROM "users" WHERE "users"."id" = ? ORDER BY "users"."id" ASC LIMIT ?[0m  [["id", 1], ["LIMIT", 1]]
  ↳ app/views/layouts/application.html.erb:13
Completed 200 OK in 13ms (Views: 11.3ms | ActiveRecord: 0.3ms)


Started GET "/documents/1/edit" for 127.0.0.1 at 2019-01-22 17:14:14 +0200
Processing by DocumentsController#edit as HTML
  Parameters: {"id"=>"1"}
  [1m[36mDocument Load (0.1ms)[0m  [1m[34mSELECT  "documents".* FROM "documents" WHERE "documents"."id" = ? LIMIT ?[0m  [["id", 1], ["LIMIT", 1]]
  ↳ app/controllers/documents_controller.rb:67
  Rendering documents/edit.html.erb within layouts/application
  Rendered documents/_form.html.erb (1.8ms)
  Rendered documents/edit.html.erb within layouts/application (2.6ms)
  [1m[36mUser Load (0.2ms)[0m  [1m[34mSELECT  "users".* FROM "users" WHERE "users"."id" = ? ORDER BY "users"."id" ASC LIMIT ?[0m  [["id", 1], ["LIMIT", 1]]
  ↳ app/views/layouts/application.html.erb:13
Completed 200 OK in 15ms (Views: 13.7ms | ActiveRecord: 0.4ms)


Started PATCH "/documents/1" for 127.0.0.1 at 2019-01-22 17:14:16 +0200
Processing by DocumentsController#update as HTML
  Parameters: {"utf8"=>"✓", "authenticity_token"=>"Wypogk63xJydHstlfHaQ8bW72Zh5dtP23whHMEtNS1m55Kcwbpoor0rc0TAUiK4XsmjQS8jcqfxDO6v3dOETqA==", "document"=>{"document_name"=>"asd", "description"=>"asd", "content"=>"odiahvjkwbefl;qk kljwefkln cwekldn wkef wkfnd slmcn wpeofqi "}, "commit"=>"Update Document", "id"=>"1"}
  [1m[36mDocument Load (0.2ms)[0m  [1m[34mSELECT  "documents".* FROM "documents" WHERE "documents"."id" = ? LIMIT ?[0m  [["id", 1], ["LIMIT", 1]]
  ↳ app/controllers/documents_controller.rb:67
  [1m[35m (0.1ms)[0m  [1m[36mbegin transaction[0m
  ↳ app/controllers/documents_controller.rb:44
  [1m[35m (0.1ms)[0m  [1m[36mcommit transaction[0m
  ↳ app/controllers/documents_controller.rb:44
Redirected to http://localhost:3000/documents/1
Completed 302 Found in 3ms (ActiveRecord: 0.3ms)


Started GET "/documents/1" for 127.0.0.1 at 2019-01-22 17:14:16 +0200
Processing by DocumentsController#show as HTML
  Parameters: {"id"=>"1"}
  [1m[36mDocument Load (0.1ms)[0m  [1m[34mSELECT  "documents".* FROM "documents" WHERE "documents"."id" = ? LIMIT ?[0m  [["id", 1], ["LIMIT", 1]]
  ↳ app/controllers/documents_controller.rb:67
  Rendering documents/show.html.erb within layouts/application
  Rendered documents/show.html.erb within layouts/application (0.8ms)
  [1m[36mUser Load (0.1ms)[0m  [1m[34mSELECT  "users".* FROM "users" WHERE "users"."id" = ? ORDER BY "users"."id" ASC LIMIT ?[0m  [["id", 1], ["LIMIT", 1]]
  ↳ app/views/layouts/application.html.erb:13
Completed 200 OK in 13ms (Views: 11.8ms | ActiveRecord: 0.2ms)


Started GET "/documents" for 127.0.0.1 at 2019-01-22 17:14:17 +0200
Processing by DocumentsController#index as HTML
  Rendering documents/index.html.erb within layouts/application
  [1m[36mDocument Load (0.2ms)[0m  [1m[34mSELECT "documents".* FROM "documents"[0m
  ↳ app/views/documents/index.html.erb:5
  Rendered documents/index.html.erb within layouts/application (1.6ms)
  [1m[36mUser Load (0.1ms)[0m  [1m[34mSELECT  "users".* FROM "users" WHERE "users"."id" = ? ORDER BY "users"."id" ASC LIMIT ?[0m  [["id", 1], ["LIMIT", 1]]
  ↳ app/views/layouts/application.html.erb:13
Completed 200 OK in 14ms (Views: 12.6ms | ActiveRecord: 0.3ms)


Started GET "/documents/new" for 127.0.0.1 at 2019-01-22 17:14:18 +0200
Processing by DocumentsController#new as HTML
  Rendering documents/new.html.erb within layouts/application
  Rendered documents/_form.html.erb (1.7ms)
  Rendered documents/new.html.erb within layouts/application (2.6ms)
  [1m[36mUser Load (0.1ms)[0m  [1m[34mSELECT  "users".* FROM "users" WHERE "users"."id" = ? ORDER BY "users"."id" ASC LIMIT ?[0m  [["id", 1], ["LIMIT", 1]]
  ↳ app/views/layouts/application.html.erb:13
Completed 200 OK in 13ms (Views: 12.1ms | ActiveRecord: 0.1ms)


Started GET "/documents" for 127.0.0.1 at 2019-01-22 17:14:22 +0200
Processing by DocumentsController#index as HTML
  Rendering documents/index.html.erb within layouts/application
  [1m[36mDocument Load (0.2ms)[0m  [1m[34mSELECT "documents".* FROM "documents"[0m
  ↳ app/views/documents/index.html.erb:5
  Rendered documents/index.html.erb within layouts/application (1.9ms)
  [1m[36mUser Load (0.2ms)[0m  [1m[34mSELECT  "users".* FROM "users" WHERE "users"."id" = ? ORDER BY "users"."id" ASC LIMIT ?[0m  [["id", 1], ["LIMIT", 1]]
  ↳ app/views/layouts/application.html.erb:13
Completed 200 OK in 15ms (Views: 14.0ms | ActiveRecord: 0.4ms)


Started GET "/documents" for 127.0.0.1 at 2019-01-22 17:14:37 +0200
Processing by DocumentsController#index as HTML
  Rendering documents/index.html.erb within layouts/application
  [1m[36mDocument Load (0.1ms)[0m  [1m[34mSELECT "documents".* FROM "documents"[0m
  ↳ app/views/documents/index.html.erb:5
  Rendered documents/index.html.erb within layouts/application (1.2ms)
  [1m[36mUser Load (0.2ms)[0m  [1m[34mSELECT  "users".* FROM "users" WHERE "users"."id" = ? ORDER BY "users"."id" ASC LIMIT ?[0m  [["id", 1], ["LIMIT", 1]]
  ↳ app/views/layouts/application.html.erb:13
Completed 200 OK in 12ms (Views: 10.9ms | ActiveRecord: 0.3ms)


Started GET "/documents/new" for 127.0.0.1 at 2019-01-22 17:14:40 +0200
Processing by DocumentsController#new as HTML
  Rendering documents/new.html.erb within layouts/application
  Rendered documents/_form.html.erb (1.8ms)
  Rendered documents/new.html.erb within layouts/application (2.7ms)
  [1m[36mUser Load (0.1ms)[0m  [1m[34mSELECT  "users".* FROM "users" WHERE "users"."id" = ? ORDER BY "users"."id" ASC LIMIT ?[0m  [["id", 1], ["LIMIT", 1]]
  ↳ app/views/layouts/application.html.erb:13
Completed 200 OK in 24ms (Views: 23.1ms | ActiveRecord: 0.1ms)


Started POST "/documents" for 127.0.0.1 at 2019-01-22 17:14:53 +0200
Processing by DocumentsController#create as HTML
  Parameters: {"utf8"=>"✓", "authenticity_token"=>"k8yQAkOjx+7NeyBd/Uq+DOJ7vYJ0nK9sDWZw3Aeil7XAVgQJeY8fEcYpmxXzGBYX7AUz12ndj9V0CEV9yQvJgg==", "document"=>{"document_name"=>"kur", "description"=>"kapan", "content"=>"bate, she furlq, zakleam se."}, "commit"=>"Create Document"}
  [1m[35m (0.0ms)[0m  [1m[36mbegin transaction[0m
  ↳ app/controllers/documents_controller.rb:30
  [1m[36mDocument Create (0.2ms)[0m  [1m[32mINSERT INTO "documents" ("document_name", "description", "content", "created_at", "updated_at") VALUES (?, ?, ?, ?, ?)[0m  [["document_name", "kur"], ["description", "kapan"], ["content", "bate, she furlq, zakleam se."], ["created_at", "2019-01-22 15:14:53.079346"], ["updated_at", "2019-01-22 15:14:53.079346"]]
  ↳ app/controllers/documents_controller.rb:30
  [1m[35m (141.1ms)[0m  [1m[36mcommit transaction[0m
  ↳ app/controllers/documents_controller.rb:30
Redirected to http://localhost:3000/documents/2
Completed 302 Found in 143ms (ActiveRecord: 141.3ms)


Started GET "/documents/2" for 127.0.0.1 at 2019-01-22 17:14:53 +0200
Processing by DocumentsController#show as HTML
  Parameters: {"id"=>"2"}
  [1m[36mDocument Load (0.1ms)[0m  [1m[34mSELECT  "documents".* FROM "documents" WHERE "documents"."id" = ? LIMIT ?[0m  [["id", 2], ["LIMIT", 1]]
  ↳ app/controllers/documents_controller.rb:67
  Rendering documents/show.html.erb within layouts/application
  Rendered documents/show.html.erb within layouts/application (0.4ms)
  [1m[36mUser Load (0.1ms)[0m  [1m[34mSELECT  "users".* FROM "users" WHERE "users"."id" = ? ORDER BY "users"."id" ASC LIMIT ?[0m  [["id", 1], ["LIMIT", 1]]
  ↳ app/views/layouts/application.html.erb:13
Completed 200 OK in 10ms (Views: 8.9ms | ActiveRecord: 0.2ms)


Started GET "/documents" for 127.0.0.1 at 2019-01-22 17:14:58 +0200
Processing by DocumentsController#index as HTML
  Rendering documents/index.html.erb within layouts/application
  [1m[36mDocument Load (0.1ms)[0m  [1m[34mSELECT "documents".* FROM "documents"[0m
  ↳ app/views/documents/index.html.erb:5
  Rendered documents/index.html.erb within layouts/application (1.3ms)
  [1m[36mUser Load (0.1ms)[0m  [1m[34mSELECT  "users".* FROM "users" WHERE "users"."id" = ? ORDER BY "users"."id" ASC LIMIT ?[0m  [["id", 1], ["LIMIT", 1]]
  ↳ app/views/layouts/application.html.erb:13
Completed 200 OK in 13ms (Views: 12.1ms | ActiveRecord: 0.3ms)


  [1m[35m (0.1ms)[0m  [1m[34mSELECT "schema_migrations"."version" FROM "schema_migrations" ORDER BY "schema_migrations"."version" ASC[0m
  ↳ /home/therandomtroll/.rvm/rubies/ruby-2.6.0/lib/ruby/gems/2.6.0/gems/rake-12.3.2/lib/rake/task.rb:273
Migrating to AddDateToDocuments (20190122151646)
  [1m[35m (0.0ms)[0m  [1m[36mbegin transaction[0m
  ↳ /home/therandomtroll/.rvm/rubies/ruby-2.6.0/lib/ruby/gems/2.6.0/gems/rake-12.3.2/lib/rake/task.rb:273
  [1m[35m (0.2ms)[0m  [1m[35mALTER TABLE "documents" ADD "uploaded_on" datetime[0m
  ↳ db/migrate/20190122151646_add_date_to_documents.rb:3
  [1m[36mActiveRecord::SchemaMigration Create (0.1ms)[0m  [1m[32mINSERT INTO "schema_migrations" ("version") VALUES (?)[0m  [["version", "20190122151646"]]
  ↳ /home/therandomtroll/.rvm/rubies/ruby-2.6.0/lib/ruby/gems/2.6.0/gems/rake-12.3.2/lib/rake/task.rb:273
  [1m[35m (64.7ms)[0m  [1m[36mcommit transaction[0m
  ↳ /home/therandomtroll/.rvm/rubies/ruby-2.6.0/lib/ruby/gems/2.6.0/gems/rake-12.3.2/lib/rake/task.rb:273
  [1m[36mActiveRecord::InternalMetadata Load (0.1ms)[0m  [1m[34mSELECT  "ar_internal_metadata".* FROM "ar_internal_metadata" WHERE "ar_internal_metadata"."key" = ? LIMIT ?[0m  [["key", "environment"], ["LIMIT", 1]]
  ↳ /home/therandomtroll/.rvm/rubies/ruby-2.6.0/lib/ruby/gems/2.6.0/gems/rake-12.3.2/lib/rake/task.rb:273
  [1m[35m (0.0ms)[0m  [1m[36mbegin transaction[0m
  ↳ /home/therandomtroll/.rvm/rubies/ruby-2.6.0/lib/ruby/gems/2.6.0/gems/rake-12.3.2/lib/rake/task.rb:273
  [1m[35m (0.0ms)[0m  [1m[36mcommit transaction[0m
  ↳ /home/therandomtroll/.rvm/rubies/ruby-2.6.0/lib/ruby/gems/2.6.0/gems/rake-12.3.2/lib/rake/task.rb:273
  [1m[35m (0.1ms)[0m  [1m[34mSELECT "schema_migrations"."version" FROM "schema_migrations" ORDER BY "schema_migrations"."version" ASC[0m
  ↳ /home/therandomtroll/.rvm/rubies/ruby-2.6.0/lib/ruby/gems/2.6.0/gems/rake-12.3.2/lib/rake/task.rb:273
Started GET "/documents" for 127.0.0.1 at 2019-01-22 17:18:42 +0200
  [1m[35m (0.1ms)[0m  [1m[34mSELECT "schema_migrations"."version" FROM "schema_migrations" ORDER BY "schema_migrations"."version" ASC[0m
  ↳ /home/therandomtroll/.rvm/gems/ruby-2.6.0/gems/activerecord-5.2.2/lib/active_record/log_subscriber.rb:98
Processing by DocumentsController#index as HTML
  Rendering documents/index.html.erb within layouts/application
  [1m[36mDocument Load (0.1ms)[0m  [1m[34mSELECT "documents".* FROM "documents"[0m
  ↳ app/views/documents/index.html.erb:5
  Rendered documents/index.html.erb within layouts/application (4.7ms)
  [1m[36mUser Load (0.1ms)[0m  [1m[34mSELECT  "users".* FROM "users" WHERE "users"."id" = ? ORDER BY "users"."id" ASC LIMIT ?[0m  [["id", 1], ["LIMIT", 1]]
  ↳ app/views/layouts/application.html.erb:13
Completed 200 OK in 135ms (Views: 130.3ms | ActiveRecord: 0.8ms)


Started GET "/documents" for 127.0.0.1 at 2019-01-22 17:18:44 +0200
Processing by DocumentsController#index as HTML
  Rendering documents/index.html.erb within layouts/application
  [1m[36mDocument Load (0.1ms)[0m  [1m[34mSELECT "documents".* FROM "documents"[0m
  ↳ app/views/documents/index.html.erb:5
  Rendered documents/index.html.erb within layouts/application (0.9ms)
  [1m[36mUser Load (0.2ms)[0m  [1m[34mSELECT  "users".* FROM "users" WHERE "users"."id" = ? ORDER BY "users"."id" ASC LIMIT ?[0m  [["id", 1], ["LIMIT", 1]]
  ↳ app/views/layouts/application.html.erb:13
Completed 200 OK in 11ms (Views: 10.1ms | ActiveRecord: 0.3ms)


Started GET "/documents/1" for 127.0.0.1 at 2019-01-22 17:19:13 +0200
Processing by DocumentsController#show as HTML
  Parameters: {"id"=>"1"}
  [1m[36mDocument Load (0.2ms)[0m  [1m[34mSELECT  "documents".* FROM "documents" WHERE "documents"."id" = ? LIMIT ?[0m  [["id", 1], ["LIMIT", 1]]
  ↳ app/controllers/documents_controller.rb:67
  Rendering documents/show.html.erb within layouts/application
  Rendered documents/show.html.erb within layouts/application (0.8ms)
  [1m[36mUser Load (0.1ms)[0m  [1m[34mSELECT  "users".* FROM "users" WHERE "users"."id" = ? ORDER BY "users"."id" ASC LIMIT ?[0m  [["id", 1], ["LIMIT", 1]]
  ↳ app/views/layouts/application.html.erb:13
Completed 200 OK in 16ms (Views: 13.9ms | ActiveRecord: 0.3ms)


Started GET "/documents" for 127.0.0.1 at 2019-01-22 17:19:14 +0200
Processing by DocumentsController#index as HTML
  Rendering documents/index.html.erb within layouts/application
  [1m[36mDocument Load (0.3ms)[0m  [1m[34mSELECT "documents".* FROM "documents"[0m
  ↳ app/views/documents/index.html.erb:5
  Rendered documents/index.html.erb within layouts/application (12.7ms)
Completed 500 Internal Server Error in 15ms (ActiveRecord: 0.3ms)


  
ActionView::Template::Error (undefined method `created_on' for #<Document:0x00007f14ac0329e8>
Did you mean?  created_at
               created_at?
               created_at=):
     8:         <p><b>Name: </b><%= document.document_name %></p>
     9:         <p><b>Description: </b><%= document.description %></p>
    10:         <p><b>Content: </b><%= document.content[0..20].gsub(/\s\w+\s*$/,'...') %></p>
    11:         <p><b>Created on: </b><%= document.created_on %></p>
    12:         <p><%= link_to 'Show', document %></p>
    13:     </div>
    14:     <hr />
  
app/views/documents/index.html.erb:11:in `block in _app_views_documents_index_html_erb___2289346914270801912_69863380921600'
app/views/documents/index.html.erb:5:in `_app_views_documents_index_html_erb___2289346914270801912_69863380921600'
  [1m[35m (0.1ms)[0m  [1m[34mSELECT "schema_migrations"."version" FROM "schema_migrations" ORDER BY "schema_migrations"."version" ASC[0m
  ↳ /home/therandomtroll/.rvm/rubies/ruby-2.6.0/lib/ruby/gems/2.6.0/gems/rake-12.3.2/lib/rake/task.rb:273
Migrating to RenamedColumnCreatedAt (20190122152010)
  [1m[35m (0.0ms)[0m  [1m[36mbegin transaction[0m
  ↳ /home/therandomtroll/.rvm/rubies/ruby-2.6.0/lib/ruby/gems/2.6.0/gems/rake-12.3.2/lib/rake/task.rb:273
  [1m[36mActiveRecord::SchemaMigration Create (0.1ms)[0m  [1m[32mINSERT INTO "schema_migrations" ("version") VALUES (?)[0m  [["version", "20190122152010"]]
  ↳ /home/therandomtroll/.rvm/rubies/ruby-2.6.0/lib/ruby/gems/2.6.0/gems/rake-12.3.2/lib/rake/task.rb:273
  [1m[35m (46.8ms)[0m  [1m[36mcommit transaction[0m
  ↳ /home/therandomtroll/.rvm/rubies/ruby-2.6.0/lib/ruby/gems/2.6.0/gems/rake-12.3.2/lib/rake/task.rb:273
  [1m[36mActiveRecord::InternalMetadata Load (0.1ms)[0m  [1m[34mSELECT  "ar_internal_metadata".* FROM "ar_internal_metadata" WHERE "ar_internal_metadata"."key" = ? LIMIT ?[0m  [["key", "environment"], ["LIMIT", 1]]
  ↳ /home/therandomtroll/.rvm/rubies/ruby-2.6.0/lib/ruby/gems/2.6.0/gems/rake-12.3.2/lib/rake/task.rb:273
  [1m[35m (0.0ms)[0m  [1m[36mbegin transaction[0m
  ↳ /home/therandomtroll/.rvm/rubies/ruby-2.6.0/lib/ruby/gems/2.6.0/gems/rake-12.3.2/lib/rake/task.rb:273
  [1m[35m (0.0ms)[0m  [1m[36mcommit transaction[0m
  ↳ /home/therandomtroll/.rvm/rubies/ruby-2.6.0/lib/ruby/gems/2.6.0/gems/rake-12.3.2/lib/rake/task.rb:273
  [1m[35m (0.0ms)[0m  [1m[34mSELECT "schema_migrations"."version" FROM "schema_migrations" ORDER BY "schema_migrations"."version" ASC[0m
  ↳ /home/therandomtroll/.rvm/rubies/ruby-2.6.0/lib/ruby/gems/2.6.0/gems/rake-12.3.2/lib/rake/task.rb:273
Started GET "/" for 127.0.0.1 at 2019-01-22 17:20:28 +0200
  [1m[35m (0.1ms)[0m  [1m[34mSELECT "schema_migrations"."version" FROM "schema_migrations" ORDER BY "schema_migrations"."version" ASC[0m
  ↳ /home/therandomtroll/.rvm/gems/ruby-2.6.0/gems/activerecord-5.2.2/lib/active_record/log_subscriber.rb:98
Processing by WelcomeController#index as HTML
  Rendering welcome/index.html.erb within layouts/application
  Rendered welcome/index.html.erb within layouts/application (0.4ms)
  [1m[36mUser Load (0.1ms)[0m  [1m[34mSELECT  "users".* FROM "users" WHERE "users"."id" = ? ORDER BY "users"."id" ASC LIMIT ?[0m  [["id", 1], ["LIMIT", 1]]
  ↳ app/views/layouts/application.html.erb:13
Completed 200 OK in 171ms (Views: 166.7ms | ActiveRecord: 0.5ms)


Started GET "/" for 127.0.0.1 at 2019-01-22 17:20:30 +0200
Processing by WelcomeController#index as HTML
  Rendering welcome/index.html.erb within layouts/application
  Rendered welcome/index.html.erb within layouts/application (0.4ms)
  [1m[36mUser Load (0.2ms)[0m  [1m[34mSELECT  "users".* FROM "users" WHERE "users"."id" = ? ORDER BY "users"."id" ASC LIMIT ?[0m  [["id", 1], ["LIMIT", 1]]
  ↳ app/views/layouts/application.html.erb:13
Completed 200 OK in 11ms (Views: 10.1ms | ActiveRecord: 0.2ms)


Started GET "/documents" for 127.0.0.1 at 2019-01-22 17:20:31 +0200
Processing by DocumentsController#index as HTML
  Rendering documents/index.html.erb within layouts/application
  [1m[36mDocument Load (0.3ms)[0m  [1m[34mSELECT "documents".* FROM "documents"[0m
  ↳ app/views/documents/index.html.erb:5
  Rendered documents/index.html.erb within layouts/application (11.2ms)
Completed 500 Internal Server Error in 14ms (ActiveRecord: 0.7ms)


  
ActionView::Template::Error (undefined method `created_on' for #<Document:0x00007f96b00ccbe8>
Did you mean?  created_at
               created_at?
               created_at=):
     8:         <p><b>Name: </b><%= document.document_name %></p>
     9:         <p><b>Description: </b><%= document.description %></p>
    10:         <p><b>Content: </b><%= document.content[0..20].gsub(/\s\w+\s*$/,'...') %></p>
    11:         <p><b>Created on: </b><%= document.created_on %></p>
    12:         <p><%= link_to 'Show', document %></p>
    13:     </div>
    14:     <hr />
  
app/views/documents/index.html.erb:11:in `block in _app_views_documents_index_html_erb__1040954949864266649_70142587406920'
app/views/documents/index.html.erb:5:in `_app_views_documents_index_html_erb__1040954949864266649_70142587406920'
Started GET "/documents" for 127.0.0.1 at 2019-01-22 17:20:40 +0200
Processing by DocumentsController#index as HTML
  Rendering documents/index.html.erb within layouts/application
  [1m[36mDocument Load (0.1ms)[0m  [1m[34mSELECT "documents".* FROM "documents"[0m
  ↳ app/views/documents/index.html.erb:5
  Rendered documents/index.html.erb within layouts/application (1.7ms)
  [1m[36mUser Load (0.1ms)[0m  [1m[34mSELECT  "users".* FROM "users" WHERE "users"."id" = ? ORDER BY "users"."id" ASC LIMIT ?[0m  [["id", 1], ["LIMIT", 1]]
  ↳ app/views/layouts/application.html.erb:13
Completed 200 OK in 29ms (Views: 27.9ms | ActiveRecord: 0.3ms)


Started GET "/documents/1" for 127.0.0.1 at 2019-01-22 17:20:55 +0200
Processing by DocumentsController#show as HTML
  Parameters: {"id"=>"1"}
  [1m[36mDocument Load (0.4ms)[0m  [1m[34mSELECT  "documents".* FROM "documents" WHERE "documents"."id" = ? LIMIT ?[0m  [["id", 1], ["LIMIT", 1]]
  ↳ app/controllers/documents_controller.rb:67
  Rendering documents/show.html.erb within layouts/application
  Rendered documents/show.html.erb within layouts/application (0.9ms)
  [1m[36mUser Load (0.1ms)[0m  [1m[34mSELECT  "users".* FROM "users" WHERE "users"."id" = ? ORDER BY "users"."id" ASC LIMIT ?[0m  [["id", 1], ["LIMIT", 1]]
  ↳ app/views/layouts/application.html.erb:13
Completed 200 OK in 16ms (Views: 12.7ms | ActiveRecord: 0.5ms)


Started GET "/documents" for 127.0.0.1 at 2019-01-22 17:20:57 +0200
Processing by DocumentsController#index as HTML
  Rendering documents/index.html.erb within layouts/application
  [1m[36mDocument Load (0.2ms)[0m  [1m[34mSELECT "documents".* FROM "documents"[0m
  ↳ app/views/documents/index.html.erb:5
  Rendered documents/index.html.erb within layouts/application (2.7ms)
  [1m[36mUser Load (0.2ms)[0m  [1m[34mSELECT  "users".* FROM "users" WHERE "users"."id" = ? ORDER BY "users"."id" ASC LIMIT ?[0m  [["id", 1], ["LIMIT", 1]]
  ↳ app/views/layouts/application.html.erb:13
Completed 200 OK in 18ms (Views: 16.8ms | ActiveRecord: 0.4ms)


Started GET "/documents" for 127.0.0.1 at 2019-01-22 17:24:09 +0200
  [1m[35m (0.1ms)[0m  [1m[34mSELECT "schema_migrations"."version" FROM "schema_migrations" ORDER BY "schema_migrations"."version" ASC[0m
  ↳ /home/therandomtroll/.rvm/gems/ruby-2.6.0/gems/activerecord-5.2.2/lib/active_record/log_subscriber.rb:98
Processing by DocumentsController#index as HTML
  Rendering documents/index.html.erb within layouts/application
  [1m[36mDocument Load (0.1ms)[0m  [1m[34mSELECT "documents".* FROM "documents"[0m
  ↳ app/views/documents/index.html.erb:5
  Rendered documents/index.html.erb within layouts/application (5.0ms)
  [1m[36mUser Load (0.1ms)[0m  [1m[34mSELECT  "users".* FROM "users" WHERE "users"."id" = ? ORDER BY "users"."id" ASC LIMIT ?[0m  [["id", 1], ["LIMIT", 1]]
  ↳ app/views/layouts/application.html.erb:13
Completed 200 OK in 170ms (Views: 164.2ms | ActiveRecord: 0.8ms)


Started GET "/" for 127.0.0.1 at 2019-01-22 17:24:11 +0200
  
SyntaxError (/home/therandomtroll/elsys/11-grade/software-engineering/software_engineering2018/20190122-rails-january/11b_18_Mihail_Gerginov/app/controllers/welcome_controller.rb:5: syntax error, unexpected '|', expecting ')'
                    .sort_by(|obj| obj.created_at
                             ^):
  
app/controllers/welcome_controller.rb:5: syntax error, unexpected '|', expecting ')'
Started GET "/" for 127.0.0.1 at 2019-01-22 17:25:09 +0200
  [1m[35m (0.1ms)[0m  [1m[34mSELECT "schema_migrations"."version" FROM "schema_migrations" ORDER BY "schema_migrations"."version" ASC[0m
  ↳ /home/therandomtroll/.rvm/gems/ruby-2.6.0/gems/activerecord-5.2.2/lib/active_record/log_subscriber.rb:98
Processing by WelcomeController#index as HTML
  [1m[36mDocument Load (0.1ms)[0m  [1m[34mSELECT "documents".* FROM "documents"[0m
  ↳ app/controllers/welcome_controller.rb:5
  Rendering welcome/index.html.erb within layouts/application
  Rendered welcome/index.html.erb within layouts/application (1.0ms)
  [1m[36mUser Load (0.1ms)[0m  [1m[34mSELECT  "users".* FROM "users" WHERE "users"."id" = ? ORDER BY "users"."id" ASC LIMIT ?[0m  [["id", 1], ["LIMIT", 1]]
  ↳ app/views/layouts/application.html.erb:13
Completed 200 OK in 173ms (Views: 164.2ms | ActiveRecord: 0.9ms)


Started GET "/" for 127.0.0.1 at 2019-01-22 17:26:10 +0200
  [1m[35m (0.1ms)[0m  [1m[34mSELECT "schema_migrations"."version" FROM "schema_migrations" ORDER BY "schema_migrations"."version" ASC[0m
  ↳ /home/therandomtroll/.rvm/gems/ruby-2.6.0/gems/activerecord-5.2.2/lib/active_record/log_subscriber.rb:98
Processing by WelcomeController#index as HTML
  [1m[36mDocument Load (0.1ms)[0m  [1m[34mSELECT "documents".* FROM "documents"[0m
  ↳ app/controllers/welcome_controller.rb:5
  Rendering welcome/index.html.erb within layouts/application
  Rendered welcome/index.html.erb within layouts/application (0.8ms)
  [1m[36mUser Load (0.1ms)[0m  [1m[34mSELECT  "users".* FROM "users" WHERE "users"."id" = ? ORDER BY "users"."id" ASC LIMIT ?[0m  [["id", 1], ["LIMIT", 1]]
  ↳ app/views/layouts/application.html.erb:13
Completed 200 OK in 169ms (Views: 160.3ms | ActiveRecord: 0.9ms)


Started GET "/documents" for 127.0.0.1 at 2019-01-22 17:26:16 +0200
Processing by DocumentsController#index as HTML
  Rendering documents/index.html.erb within layouts/application
  [1m[36mDocument Load (0.2ms)[0m  [1m[34mSELECT "documents".* FROM "documents"[0m
  ↳ app/views/documents/index.html.erb:5
  Rendered documents/index.html.erb within layouts/application (1.5ms)
  [1m[36mUser Load (0.1ms)[0m  [1m[34mSELECT  "users".* FROM "users" WHERE "users"."id" = ? ORDER BY "users"."id" ASC LIMIT ?[0m  [["id", 1], ["LIMIT", 1]]
  ↳ app/views/layouts/application.html.erb:13
Completed 200 OK in 15ms (Views: 14.0ms | ActiveRecord: 0.3ms)


Started GET "/documents/new" for 127.0.0.1 at 2019-01-22 17:26:17 +0200
Processing by DocumentsController#new as HTML
  Rendering documents/new.html.erb within layouts/application
  Rendered documents/_form.html.erb (4.0ms)
  Rendered documents/new.html.erb within layouts/application (4.9ms)
  [1m[36mUser Load (0.1ms)[0m  [1m[34mSELECT  "users".* FROM "users" WHERE "users"."id" = ? ORDER BY "users"."id" ASC LIMIT ?[0m  [["id", 1], ["LIMIT", 1]]
  ↳ app/views/layouts/application.html.erb:13
Completed 200 OK in 16ms (Views: 15.2ms | ActiveRecord: 0.1ms)


Started POST "/documents" for 127.0.0.1 at 2019-01-22 17:26:23 +0200
Processing by DocumentsController#create as HTML
  Parameters: {"utf8"=>"✓", "authenticity_token"=>"weHmftLmHOEXFIuor2oFxHcZ1vNk39NVn9ppfMcjXU+Se3J16MrEHhxGMOChOK3feWdYpnme8+zmtFzdCYoDeA==", "document"=>{"document_name"=>"asd", "description"=>"asd", "content"=>"asd"}, "commit"=>"Create Document"}
Completed 500 Internal Server Error in 4ms (ActiveRecord: 0.0ms)


  
NoMethodError (undefined method `created_on=' for #<Document:0x00007f83bc0547a8>
Did you mean?  created_at=
               created_at
               created_at?):
  
app/controllers/documents_controller.rb:28:in `create'
Started POST "/documents" for 127.0.0.1 at 2019-01-22 17:26:45 +0200
Processing by DocumentsController#create as HTML
  Parameters: {"utf8"=>"✓", "authenticity_token"=>"weHmftLmHOEXFIuor2oFxHcZ1vNk39NVn9ppfMcjXU+Se3J16MrEHhxGMOChOK3feWdYpnme8+zmtFzdCYoDeA==", "document"=>{"document_name"=>"asd", "description"=>"asd", "content"=>"asd"}, "commit"=>"Create Document"}
  [1m[35m (0.0ms)[0m  [1m[36mbegin transaction[0m
  ↳ app/controllers/documents_controller.rb:30
  [1m[36mDocument Create (0.2ms)[0m  [1m[32mINSERT INTO "documents" ("document_name", "description", "content", "created_at", "updated_at") VALUES (?, ?, ?, ?, ?)[0m  [["document_name", "asd"], ["description", "asd"], ["content", "asd"], ["created_at", "2019-01-22 15:26:45.625955"], ["updated_at", "2019-01-22 15:26:45.626359"]]
  ↳ app/controllers/documents_controller.rb:30
  [1m[35m (69.2ms)[0m  [1m[36mcommit transaction[0m
  ↳ app/controllers/documents_controller.rb:30
Redirected to http://localhost:3000/documents/3
Completed 302 Found in 78ms (ActiveRecord: 70.5ms)


Started GET "/documents/3" for 127.0.0.1 at 2019-01-22 17:26:45 +0200
Processing by DocumentsController#show as HTML
  Parameters: {"id"=>"3"}
  [1m[36mDocument Load (0.1ms)[0m  [1m[34mSELECT  "documents".* FROM "documents" WHERE "documents"."id" = ? LIMIT ?[0m  [["id", 3], ["LIMIT", 1]]
  ↳ app/controllers/documents_controller.rb:67
  Rendering documents/show.html.erb within layouts/application
  Rendered documents/show.html.erb within layouts/application (0.4ms)
  [1m[36mUser Load (0.1ms)[0m  [1m[34mSELECT  "users".* FROM "users" WHERE "users"."id" = ? ORDER BY "users"."id" ASC LIMIT ?[0m  [["id", 1], ["LIMIT", 1]]
  ↳ app/views/layouts/application.html.erb:13
Completed 200 OK in 16ms (Views: 13.9ms | ActiveRecord: 0.5ms)


Started GET "/documents" for 127.0.0.1 at 2019-01-22 17:26:48 +0200
Processing by DocumentsController#index as HTML
  Rendering documents/index.html.erb within layouts/application
  [1m[36mDocument Load (0.2ms)[0m  [1m[34mSELECT "documents".* FROM "documents"[0m
  ↳ app/views/documents/index.html.erb:5
  Rendered documents/index.html.erb within layouts/application (1.8ms)
  [1m[36mUser Load (0.1ms)[0m  [1m[34mSELECT  "users".* FROM "users" WHERE "users"."id" = ? ORDER BY "users"."id" ASC LIMIT ?[0m  [["id", 1], ["LIMIT", 1]]
  ↳ app/views/layouts/application.html.erb:13
Completed 200 OK in 17ms (Views: 15.9ms | ActiveRecord: 0.3ms)


Started GET "/documents/new" for 127.0.0.1 at 2019-01-22 17:26:52 +0200
Processing by DocumentsController#new as HTML
  Rendering documents/new.html.erb within layouts/application
  Rendered documents/_form.html.erb (1.6ms)
  Rendered documents/new.html.erb within layouts/application (2.3ms)
  [1m[36mUser Load (0.1ms)[0m  [1m[34mSELECT  "users".* FROM "users" WHERE "users"."id" = ? ORDER BY "users"."id" ASC LIMIT ?[0m  [["id", 1], ["LIMIT", 1]]
  ↳ app/views/layouts/application.html.erb:13
Completed 200 OK in 15ms (Views: 13.8ms | ActiveRecord: 0.1ms)


Started POST "/documents" for 127.0.0.1 at 2019-01-22 17:26:56 +0200
Processing by DocumentsController#create as HTML
  Parameters: {"utf8"=>"✓", "authenticity_token"=>"3VO/vpex79yi/toDMxrcSwFm6VoH+9SctUj51Z7oWTOOySu1rZ03I6msYUs9SHRQDxhnDxq69CXMJsx0UEEHBA==", "document"=>{"document_name"=>"asd", "description"=>"asd", "content"=>"asd"}, "commit"=>"Create Document"}
  [1m[35m (0.0ms)[0m  [1m[36mbegin transaction[0m
  ↳ app/controllers/documents_controller.rb:30
  [1m[36mDocument Create (0.1ms)[0m  [1m[32mINSERT INTO "documents" ("document_name", "description", "content", "created_at", "updated_at") VALUES (?, ?, ?, ?, ?)[0m  [["document_name", "asd"], ["description", "asd"], ["content", "asd"], ["created_at", "2019-01-22 15:26:56.979168"], ["updated_at", "2019-01-22 15:26:56.979451"]]
  ↳ app/controllers/documents_controller.rb:30
  [1m[35m (133.3ms)[0m  [1m[36mcommit transaction[0m
  ↳ app/controllers/documents_controller.rb:30
Redirected to http://localhost:3000/documents/4
Completed 302 Found in 136ms (ActiveRecord: 133.5ms)


Started GET "/documents/4" for 127.0.0.1 at 2019-01-22 17:26:57 +0200
Processing by DocumentsController#show as HTML
  Parameters: {"id"=>"4"}
  [1m[36mDocument Load (0.1ms)[0m  [1m[34mSELECT  "documents".* FROM "documents" WHERE "documents"."id" = ? LIMIT ?[0m  [["id", 4], ["LIMIT", 1]]
  ↳ app/controllers/documents_controller.rb:67
  Rendering documents/show.html.erb within layouts/application
  Rendered documents/show.html.erb within layouts/application (0.4ms)
  [1m[36mUser Load (0.1ms)[0m  [1m[34mSELECT  "users".* FROM "users" WHERE "users"."id" = ? ORDER BY "users"."id" ASC LIMIT ?[0m  [["id", 1], ["LIMIT", 1]]
  ↳ app/views/layouts/application.html.erb:13
Completed 200 OK in 10ms (Views: 8.8ms | ActiveRecord: 0.2ms)


Started GET "/documents" for 127.0.0.1 at 2019-01-22 17:26:58 +0200
Processing by DocumentsController#index as HTML
  Rendering documents/index.html.erb within layouts/application
  [1m[36mDocument Load (0.2ms)[0m  [1m[34mSELECT "documents".* FROM "documents"[0m
  ↳ app/views/documents/index.html.erb:5
  Rendered documents/index.html.erb within layouts/application (2.1ms)
  [1m[36mUser Load (0.1ms)[0m  [1m[34mSELECT  "users".* FROM "users" WHERE "users"."id" = ? ORDER BY "users"."id" ASC LIMIT ?[0m  [["id", 1], ["LIMIT", 1]]
  ↳ app/views/layouts/application.html.erb:13
Completed 200 OK in 14ms (Views: 12.3ms | ActiveRecord: 0.3ms)


Started GET "/" for 127.0.0.1 at 2019-01-22 17:27:01 +0200
Processing by WelcomeController#index as HTML
  [1m[36mDocument Load (0.2ms)[0m  [1m[34mSELECT "documents".* FROM "documents"[0m
  ↳ app/controllers/welcome_controller.rb:5
  Rendering welcome/index.html.erb within layouts/application
  Rendered welcome/index.html.erb within layouts/application (1.3ms)
  [1m[36mUser Load (0.2ms)[0m  [1m[34mSELECT  "users".* FROM "users" WHERE "users"."id" = ? ORDER BY "users"."id" ASC LIMIT ?[0m  [["id", 1], ["LIMIT", 1]]
  ↳ app/views/layouts/application.html.erb:13
Completed 200 OK in 19ms (Views: 17.5ms | ActiveRecord: 0.4ms)


Started DELETE "/users/sign_out" for 127.0.0.1 at 2019-01-22 17:29:47 +0200
Processing by Devise::SessionsController#destroy as HTML
  Parameters: {"authenticity_token"=>"7hkfDvnlUpug4fcTpSWlzBjwnNZTVxg3GHbmVifS3/DfM7CfBpCFJMcZKj3e6bF2uJllRoyT6ey7w6ig5O89hA=="}
  [1m[36mUser Load (0.1ms)[0m  [1m[34mSELECT  "users".* FROM "users" WHERE "users"."id" = ? ORDER BY "users"."id" ASC LIMIT ?[0m  [["id", 1], ["LIMIT", 1]]
  ↳ /home/therandomtroll/.rvm/gems/ruby-2.6.0/gems/activerecord-5.2.2/lib/active_record/log_subscriber.rb:98
  [1m[35m (0.0ms)[0m  [1m[36mbegin transaction[0m
  ↳ /home/therandomtroll/.rvm/gems/ruby-2.6.0/gems/activerecord-5.2.2/lib/active_record/log_subscriber.rb:98
  [1m[35m (0.0ms)[0m  [1m[36mcommit transaction[0m
  ↳ /home/therandomtroll/.rvm/gems/ruby-2.6.0/gems/activerecord-5.2.2/lib/active_record/log_subscriber.rb:98
Redirected to http://localhost:3000/
Completed 302 Found in 2ms (ActiveRecord: 0.2ms)


Started GET "/" for 127.0.0.1 at 2019-01-22 17:29:47 +0200
Processing by WelcomeController#index as HTML
  [1m[36mDocument Load (0.1ms)[0m  [1m[34mSELECT "documents".* FROM "documents"[0m
  ↳ app/controllers/welcome_controller.rb:5
  Rendering welcome/index.html.erb within layouts/application
  Rendered welcome/index.html.erb within layouts/application (0.6ms)
Completed 200 OK in 21ms (Views: 19.9ms | ActiveRecord: 0.1ms)


Started GET "/" for 127.0.0.1 at 2019-01-22 17:38:05 +0200
  [1m[35m (0.1ms)[0m  [1m[34mSELECT "schema_migrations"."version" FROM "schema_migrations" ORDER BY "schema_migrations"."version" ASC[0m
  ↳ /home/therandomtroll/.rvm/gems/ruby-2.6.0/gems/activerecord-5.2.2/lib/active_record/log_subscriber.rb:98
Processing by WelcomeController#index as HTML
  [1m[36mDocument Load (0.1ms)[0m  [1m[34mSELECT "documents".* FROM "documents"[0m
  ↳ app/controllers/welcome_controller.rb:5
  Rendering welcome/index.html.erb within layouts/application
  Rendered welcome/index.html.erb within layouts/application (0.8ms)
Completed 200 OK in 169ms (Views: 160.9ms | ActiveRecord: 0.4ms)


Started GET "/documents/4" for 127.0.0.1 at 2019-01-22 17:38:08 +0200
Processing by DocumentsController#show as HTML
  Parameters: {"id"=>"4"}
  [1m[36mDocument Load (0.2ms)[0m  [1m[34mSELECT  "documents".* FROM "documents" WHERE "documents"."id" = ? LIMIT ?[0m  [["id", 4], ["LIMIT", 1]]
  ↳ app/controllers/documents_controller.rb:68
Completed 500 Internal Server Error in 58ms (ActiveRecord: 0.2ms)


  
NoMethodError (undefined method `authenticate_model!' for #<DocumentsController:0x00007f1eac0368e0>
Did you mean?  authenticate_user!):
  
activesupport (5.2.2) lib/active_support/callbacks.rb:426:in `block in make_lambda'
activesupport (5.2.2) lib/active_support/callbacks.rb:179:in `block (2 levels) in halting_and_conditional'
actionpack (5.2.2) lib/abstract_controller/callbacks.rb:34:in `block (2 levels) in <module:Callbacks>'
activesupport (5.2.2) lib/active_support/callbacks.rb:180:in `block in halting_and_conditional'
activesupport (5.2.2) lib/active_support/callbacks.rb:513:in `block in invoke_before'
activesupport (5.2.2) lib/active_support/callbacks.rb:513:in `each'
activesupport (5.2.2) lib/active_support/callbacks.rb:513:in `invoke_before'
activesupport (5.2.2) lib/active_support/callbacks.rb:131:in `run_callbacks'
actionpack (5.2.2) lib/abstract_controller/callbacks.rb:41:in `process_action'
actionpack (5.2.2) lib/action_controller/metal/rescue.rb:22:in `process_action'
actionpack (5.2.2) lib/action_controller/metal/instrumentation.rb:34:in `block in process_action'
activesupport (5.2.2) lib/active_support/notifications.rb:168:in `block in instrument'
activesupport (5.2.2) lib/active_support/notifications/instrumenter.rb:23:in `instrument'
activesupport (5.2.2) lib/active_support/notifications.rb:168:in `instrument'
actionpack (5.2.2) lib/action_controller/metal/instrumentation.rb:32:in `process_action'
actionpack (5.2.2) lib/action_controller/metal/params_wrapper.rb:256:in `process_action'
activerecord (5.2.2) lib/active_record/railties/controller_runtime.rb:24:in `process_action'
actionpack (5.2.2) lib/abstract_controller/base.rb:134:in `process'
actionview (5.2.2) lib/action_view/rendering.rb:32:in `process'
actionpack (5.2.2) lib/action_controller/metal.rb:191:in `dispatch'
actionpack (5.2.2) lib/action_controller/metal.rb:252:in `dispatch'
actionpack (5.2.2) lib/action_dispatch/routing/route_set.rb:52:in `dispatch'
actionpack (5.2.2) lib/action_dispatch/routing/route_set.rb:34:in `serve'
actionpack (5.2.2) lib/action_dispatch/journey/router.rb:52:in `block in serve'
actionpack (5.2.2) lib/action_dispatch/journey/router.rb:35:in `each'
actionpack (5.2.2) lib/action_dispatch/journey/router.rb:35:in `serve'
actionpack (5.2.2) lib/action_dispatch/routing/route_set.rb:840:in `call'
warden (1.2.8) lib/warden/manager.rb:36:in `block in call'
warden (1.2.8) lib/warden/manager.rb:34:in `catch'
warden (1.2.8) lib/warden/manager.rb:34:in `call'
rack (2.0.6) lib/rack/tempfile_reaper.rb:15:in `call'
rack (2.0.6) lib/rack/etag.rb:25:in `call'
rack (2.0.6) lib/rack/conditional_get.rb:25:in `call'
rack (2.0.6) lib/rack/head.rb:12:in `call'
actionpack (5.2.2) lib/action_dispatch/http/content_security_policy.rb:18:in `call'
rack (2.0.6) lib/rack/session/abstract/id.rb:232:in `context'
rack (2.0.6) lib/rack/session/abstract/id.rb:226:in `call'
actionpack (5.2.2) lib/action_dispatch/middleware/cookies.rb:670:in `call'
activerecord (5.2.2) lib/active_record/migration.rb:559:in `call'
actionpack (5.2.2) lib/action_dispatch/middleware/callbacks.rb:28:in `block in call'
activesupport (5.2.2) lib/active_support/callbacks.rb:98:in `run_callbacks'
actionpack (5.2.2) lib/action_dispatch/middleware/callbacks.rb:26:in `call'
actionpack (5.2.2) lib/action_dispatch/middleware/executor.rb:14:in `call'
actionpack (5.2.2) lib/action_dispatch/middleware/debug_exceptions.rb:61:in `call'
web-console (3.7.0) lib/web_console/middleware.rb:135:in `call_app'
web-console (3.7.0) lib/web_console/middleware.rb:30:in `block in call'
web-console (3.7.0) lib/web_console/middleware.rb:20:in `catch'
web-console (3.7.0) lib/web_console/middleware.rb:20:in `call'
actionpack (5.2.2) lib/action_dispatch/middleware/show_exceptions.rb:33:in `call'
railties (5.2.2) lib/rails/rack/logger.rb:38:in `call_app'
railties (5.2.2) lib/rails/rack/logger.rb:26:in `block in call'
activesupport (5.2.2) lib/active_support/tagged_logging.rb:71:in `block in tagged'
activesupport (5.2.2) lib/active_support/tagged_logging.rb:28:in `tagged'
activesupport (5.2.2) lib/active_support/tagged_logging.rb:71:in `tagged'
railties (5.2.2) lib/rails/rack/logger.rb:26:in `call'
sprockets-rails (3.2.1) lib/sprockets/rails/quiet_assets.rb:13:in `call'
actionpack (5.2.2) lib/action_dispatch/middleware/remote_ip.rb:81:in `call'
actionpack (5.2.2) lib/action_dispatch/middleware/request_id.rb:27:in `call'
rack (2.0.6) lib/rack/method_override.rb:22:in `call'
rack (2.0.6) lib/rack/runtime.rb:22:in `call'
activesupport (5.2.2) lib/active_support/cache/strategy/local_cache_middleware.rb:29:in `call'
actionpack (5.2.2) lib/action_dispatch/middleware/executor.rb:14:in `call'
actionpack (5.2.2) lib/action_dispatch/middleware/static.rb:127:in `call'
rack (2.0.6) lib/rack/sendfile.rb:111:in `call'
railties (5.2.2) lib/rails/engine.rb:524:in `call'
puma (3.12.0) lib/puma/configuration.rb:225:in `call'
puma (3.12.0) lib/puma/server.rb:658:in `handle_request'
puma (3.12.0) lib/puma/server.rb:472:in `process_client'
puma (3.12.0) lib/puma/server.rb:332:in `block in run'
puma (3.12.0) lib/puma/thread_pool.rb:133:in `block in spawn_thread'
Started GET "/" for 127.0.0.1 at 2019-01-22 17:38:41 +0200
  [1m[35m (0.1ms)[0m  [1m[34mSELECT "schema_migrations"."version" FROM "schema_migrations" ORDER BY "schema_migrations"."version" ASC[0m
  ↳ /home/therandomtroll/.rvm/gems/ruby-2.6.0/gems/activerecord-5.2.2/lib/active_record/log_subscriber.rb:98
Processing by WelcomeController#index as HTML
  [1m[36mDocument Load (0.1ms)[0m  [1m[34mSELECT "documents".* FROM "documents"[0m
  ↳ app/controllers/welcome_controller.rb:5
  Rendering welcome/index.html.erb within layouts/application
  Rendered welcome/index.html.erb within layouts/application (0.8ms)
Completed 200 OK in 169ms (Views: 160.5ms | ActiveRecord: 0.4ms)


Started GET "/documents" for 127.0.0.1 at 2019-01-22 17:38:44 +0200
Processing by DocumentsController#index as HTML
  Rendering documents/index.html.erb within layouts/application
  [1m[36mDocument Load (0.1ms)[0m  [1m[34mSELECT "documents".* FROM "documents"[0m
  ↳ app/views/documents/index.html.erb:5
  Rendered documents/index.html.erb within layouts/application (1.5ms)
Completed 200 OK in 12ms (Views: 11.2ms | ActiveRecord: 0.1ms)


Started GET "/documents/1" for 127.0.0.1 at 2019-01-22 17:38:45 +0200
Processing by DocumentsController#show as HTML
  Parameters: {"id"=>"1"}
  [1m[36mDocument Load (0.1ms)[0m  [1m[34mSELECT  "documents".* FROM "documents" WHERE "documents"."id" = ? LIMIT ?[0m  [["id", 1], ["LIMIT", 1]]
  ↳ app/controllers/documents_controller.rb:68
Completed 401 Unauthorized in 3ms (ActiveRecord: 0.1ms)


Started GET "/users/sign_in" for 127.0.0.1 at 2019-01-22 17:38:45 +0200
Processing by Devise::SessionsController#new as HTML
  Rendering /home/therandomtroll/.rvm/gems/ruby-2.6.0/gems/devise-4.5.0/app/views/devise/sessions/new.html.erb within layouts/application
  Rendered /home/therandomtroll/.rvm/gems/ruby-2.6.0/gems/devise-4.5.0/app/views/devise/shared/_links.html.erb (0.7ms)
  Rendered /home/therandomtroll/.rvm/gems/ruby-2.6.0/gems/devise-4.5.0/app/views/devise/sessions/new.html.erb within layouts/application (4.0ms)
Completed 200 OK in 19ms (Views: 13.1ms | ActiveRecord: 0.3ms)


Started POST "/users/sign_in" for 127.0.0.1 at 2019-01-22 17:38:54 +0200
Processing by Devise::SessionsController#create as HTML
  Parameters: {"utf8"=>"✓", "authenticity_token"=>"TttsfvNeOjZJtAOQczLMJ/h0XFPk7PZyudZ6AtC9+/8SCPZR5wii7mg88Mw2RjcJuuI47iPW+SYdUf9OdrEnEw==", "user"=>{"email"=>"mihailgerginov01@gmail.com", "password"=>"[FILTERED]", "remember_me"=>"0"}, "commit"=>"Log in"}
  [1m[36mUser Load (0.1ms)[0m  [1m[34mSELECT  "users".* FROM "users" WHERE "users"."email" = ? ORDER BY "users"."id" ASC LIMIT ?[0m  [["email", "mihailgerginov01@gmail.com"], ["LIMIT", 1]]
  ↳ /home/therandomtroll/.rvm/gems/ruby-2.6.0/gems/activerecord-5.2.2/lib/active_record/log_subscriber.rb:98
Redirected to http://localhost:3000/documents/1
Completed 302 Found in 99ms (ActiveRecord: 0.1ms)


Started GET "/documents/1" for 127.0.0.1 at 2019-01-22 17:38:54 +0200
Processing by DocumentsController#show as HTML
  Parameters: {"id"=>"1"}
  [1m[36mDocument Load (0.1ms)[0m  [1m[34mSELECT  "documents".* FROM "documents" WHERE "documents"."id" = ? LIMIT ?[0m  [["id", 1], ["LIMIT", 1]]
  ↳ app/controllers/documents_controller.rb:68
  [1m[36mUser Load (0.1ms)[0m  [1m[34mSELECT  "users".* FROM "users" WHERE "users"."id" = ? ORDER BY "users"."id" ASC LIMIT ?[0m  [["id", 1], ["LIMIT", 1]]
  ↳ /home/therandomtroll/.rvm/gems/ruby-2.6.0/gems/activerecord-5.2.2/lib/active_record/log_subscriber.rb:98
  Rendering documents/show.html.erb within layouts/application
  Rendered documents/show.html.erb within layouts/application (0.4ms)
Completed 200 OK in 10ms (Views: 8.4ms | ActiveRecord: 0.2ms)


Started GET "/documents" for 127.0.0.1 at 2019-01-22 17:38:57 +0200
Processing by DocumentsController#index as HTML
  Rendering documents/index.html.erb within layouts/application
  [1m[36mDocument Load (0.2ms)[0m  [1m[34mSELECT "documents".* FROM "documents"[0m
  ↳ app/views/documents/index.html.erb:5
  Rendered documents/index.html.erb within layouts/application (2.3ms)
  [1m[36mUser Load (0.1ms)[0m  [1m[34mSELECT  "users".* FROM "users" WHERE "users"."id" = ? ORDER BY "users"."id" ASC LIMIT ?[0m  [["id", 1], ["LIMIT", 1]]
  ↳ app/views/layouts/application.html.erb:13
Completed 200 OK in 14ms (Views: 12.9ms | ActiveRecord: 0.4ms)


Started DELETE "/users/sign_out" for 127.0.0.1 at 2019-01-22 17:39:00 +0200
Processing by Devise::SessionsController#destroy as HTML
  Parameters: {"authenticity_token"=>"6cFNT1Nssiyu6miRPCIzUlagUYlqJSHdcFZqxDe2s0McAyh1eKcK8w3expiUyceBz3JoyqNtHI3s+PK3y1sBYQ=="}
  [1m[36mUser Load (0.1ms)[0m  [1m[34mSELECT  "users".* FROM "users" WHERE "users"."id" = ? ORDER BY "users"."id" ASC LIMIT ?[0m  [["id", 1], ["LIMIT", 1]]
  ↳ /home/therandomtroll/.rvm/gems/ruby-2.6.0/gems/activerecord-5.2.2/lib/active_record/log_subscriber.rb:98
  [1m[35m (0.0ms)[0m  [1m[36mbegin transaction[0m
  ↳ /home/therandomtroll/.rvm/gems/ruby-2.6.0/gems/activerecord-5.2.2/lib/active_record/log_subscriber.rb:98
  [1m[35m (0.0ms)[0m  [1m[36mcommit transaction[0m
  ↳ /home/therandomtroll/.rvm/gems/ruby-2.6.0/gems/activerecord-5.2.2/lib/active_record/log_subscriber.rb:98
Redirected to http://localhost:3000/
Completed 302 Found in 3ms (ActiveRecord: 0.2ms)


Started GET "/" for 127.0.0.1 at 2019-01-22 17:39:00 +0200
Processing by WelcomeController#index as HTML
  [1m[36mDocument Load (0.2ms)[0m  [1m[34mSELECT "documents".* FROM "documents"[0m
  ↳ app/controllers/welcome_controller.rb:5
  Rendering welcome/index.html.erb within layouts/application
  Rendered welcome/index.html.erb within layouts/application (0.6ms)
Completed 200 OK in 10ms (Views: 8.9ms | ActiveRecord: 0.2ms)


Started GET "/documents/4" for 127.0.0.1 at 2019-01-22 17:39:02 +0200
Processing by DocumentsController#show as HTML
  Parameters: {"id"=>"4"}
  [1m[36mDocument Load (0.2ms)[0m  [1m[34mSELECT  "documents".* FROM "documents" WHERE "documents"."id" = ? LIMIT ?[0m  [["id", 4], ["LIMIT", 1]]
  ↳ app/controllers/documents_controller.rb:68
Completed 401 Unauthorized in 1ms (ActiveRecord: 0.2ms)


Started GET "/users/sign_in" for 127.0.0.1 at 2019-01-22 17:39:02 +0200
Processing by Devise::SessionsController#new as HTML
  Rendering /home/therandomtroll/.rvm/gems/ruby-2.6.0/gems/devise-4.5.0/app/views/devise/sessions/new.html.erb within layouts/application
  Rendered /home/therandomtroll/.rvm/gems/ruby-2.6.0/gems/devise-4.5.0/app/views/devise/shared/_links.html.erb (0.6ms)
  Rendered /home/therandomtroll/.rvm/gems/ruby-2.6.0/gems/devise-4.5.0/app/views/devise/sessions/new.html.erb within layouts/application (3.3ms)
Completed 200 OK in 28ms (Views: 27.2ms | ActiveRecord: 0.0ms)


Started GET "/users/password/new" for 127.0.0.1 at 2019-01-22 17:40:02 +0200
  [1m[35m (0.1ms)[0m  [1m[34mSELECT "schema_migrations"."version" FROM "schema_migrations" ORDER BY "schema_migrations"."version" ASC[0m
  ↳ /home/therandomtroll/.rvm/gems/ruby-2.6.0/gems/activerecord-5.2.2/lib/active_record/log_subscriber.rb:98
Processing by Devise::PasswordsController#new as HTML
  Rendering /home/therandomtroll/.rvm/gems/ruby-2.6.0/gems/devise-4.5.0/app/views/devise/passwords/new.html.erb within layouts/application
  Rendered /home/therandomtroll/.rvm/gems/ruby-2.6.0/gems/devise-4.5.0/app/views/devise/shared/_links.html.erb (0.9ms)
  Rendered /home/therandomtroll/.rvm/gems/ruby-2.6.0/gems/devise-4.5.0/app/views/devise/passwords/new.html.erb within layouts/application (5.2ms)
Completed 200 OK in 173ms (Views: 160.8ms | ActiveRecord: 0.5ms)


Started GET "/" for 127.0.0.1 at 2019-01-22 17:40:08 +0200
Processing by WelcomeController#index as HTML
  [1m[36mDocument Load (0.1ms)[0m  [1m[34mSELECT "documents".* FROM "documents"[0m
  ↳ app/controllers/welcome_controller.rb:5
  Rendering welcome/index.html.erb within layouts/application
  Rendered welcome/index.html.erb within layouts/application (0.7ms)
Completed 200 OK in 15ms (Views: 8.9ms | ActiveRecord: 0.4ms)


Started GET "/documents" for 127.0.0.1 at 2019-01-22 17:40:11 +0200
Processing by DocumentsController#index as HTML
  Rendering documents/index.html.erb within layouts/application
  [1m[36mDocument Load (0.1ms)[0m  [1m[34mSELECT "documents".* FROM "documents"[0m
  ↳ app/views/documents/index.html.erb:5
  Rendered documents/index.html.erb within layouts/application (1.3ms)
Completed 200 OK in 14ms (Views: 12.7ms | ActiveRecord: 0.1ms)


Started GET "/documents/2" for 127.0.0.1 at 2019-01-22 17:40:19 +0200
Processing by DocumentsController#show as HTML
  Parameters: {"id"=>"2"}
  [1m[36mDocument Load (0.4ms)[0m  [1m[34mSELECT  "documents".* FROM "documents" WHERE "documents"."id" = ? LIMIT ?[0m  [["id", 2], ["LIMIT", 1]]
  ↳ app/controllers/documents_controller.rb:68
Completed 401 Unauthorized in 3ms (ActiveRecord: 0.4ms)


Started GET "/users/sign_in" for 127.0.0.1 at 2019-01-22 17:40:19 +0200
Processing by Devise::SessionsController#new as HTML
  Rendering /home/therandomtroll/.rvm/gems/ruby-2.6.0/gems/devise-4.5.0/app/views/devise/sessions/new.html.erb within layouts/application
  Rendered /home/therandomtroll/.rvm/gems/ruby-2.6.0/gems/devise-4.5.0/app/views/devise/shared/_links.html.erb (0.5ms)
  Rendered /home/therandomtroll/.rvm/gems/ruby-2.6.0/gems/devise-4.5.0/app/views/devise/sessions/new.html.erb within layouts/application (2.3ms)
Completed 200 OK in 12ms (Views: 11.1ms | ActiveRecord: 0.0ms)


