  [1m[35m (0.1ms)[0m  [1m[34mSELECT sqlite_version(*)[0m
  ↳ d:/RailsInstaller/Ruby2.3.3/bin/rake:22
  [1m[35m (190.4ms)[0m  [1m[35mCREATE TABLE "schema_migrations" ("version" varchar NOT NULL PRIMARY KEY)[0m
  ↳ d:/RailsInstaller/Ruby2.3.3/bin/rake:22
  [1m[35m (197.6ms)[0m  [1m[35mCREATE TABLE "ar_internal_metadata" ("key" varchar NOT NULL PRIMARY KEY, "value" varchar, "created_at" datetime NOT NULL, "updated_at" datetime NOT NULL)[0m
  ↳ d:/RailsInstaller/Ruby2.3.3/bin/rake:22
  [1m[35m (0.3ms)[0m  [1m[34mSELECT "schema_migrations"."version" FROM "schema_migrations" ORDER BY "schema_migrations"."version" ASC[0m
  ↳ d:/RailsInstaller/Ruby2.3.3/bin/rake:22
Migrating to CreateDocuments (20190122160415)
  [1m[35m (0.1ms)[0m  [1m[36mbegin transaction[0m
  ↳ d:/RailsInstaller/Ruby2.3.3/bin/rake:22
  [1m[35m (121.9ms)[0m  [1m[35mCREATE TABLE "documents" ("id" integer PRIMARY KEY AUTOINCREMENT NOT NULL, "name" varchar, "description" varchar, "content" text, "created_at" datetime NOT NULL, "updated_at" datetime NOT NULL)[0m
  ↳ db/migrate/20190122160415_create_documents.rb:3
  [1m[36mActiveRecord::SchemaMigration Create (0.2ms)[0m  [1m[32mINSERT INTO "schema_migrations" ("version") VALUES (?)[0m  [["version", "20190122160415"]]
  ↳ d:/RailsInstaller/Ruby2.3.3/bin/rake:22
  [1m[35m (85.4ms)[0m  [1m[36mcommit transaction[0m
  ↳ d:/RailsInstaller/Ruby2.3.3/bin/rake:22
  [1m[36mActiveRecord::InternalMetadata Load (0.4ms)[0m  [1m[34mSELECT  "ar_internal_metadata".* FROM "ar_internal_metadata" WHERE "ar_internal_metadata"."key" = ? LIMIT ?[0m  [["key", "environment"], ["LIMIT", 1]]
  ↳ d:/RailsInstaller/Ruby2.3.3/bin/rake:22
  [1m[35m (0.1ms)[0m  [1m[36mbegin transaction[0m
  ↳ d:/RailsInstaller/Ruby2.3.3/bin/rake:22
  [1m[36mActiveRecord::InternalMetadata Create (129.9ms)[0m  [1m[32mINSERT INTO "ar_internal_metadata" ("key", "value", "created_at", "updated_at") VALUES (?, ?, ?, ?)[0m  [["key", "environment"], ["value", "development"], ["created_at", "2019-01-22 16:04:32.837470"], ["updated_at", "2019-01-22 16:04:32.837470"]]
  ↳ d:/RailsInstaller/Ruby2.3.3/bin/rake:22
  [1m[35m (78.8ms)[0m  [1m[36mcommit transaction[0m
  ↳ d:/RailsInstaller/Ruby2.3.3/bin/rake:22
  [1m[35m (0.3ms)[0m  [1m[34mSELECT "schema_migrations"."version" FROM "schema_migrations" ORDER BY "schema_migrations"."version" ASC[0m
  ↳ d:/RailsInstaller/Ruby2.3.3/bin/rake:22
Started GET "/" for 127.0.0.1 at 2019-01-22 18:04:59 +0200
  [1m[35m (0.3ms)[0m  [1m[34mSELECT "schema_migrations"."version" FROM "schema_migrations" ORDER BY "schema_migrations"."version" ASC[0m
  ↳ d:/RailsInstaller/Ruby2.3.3/lib/ruby/gems/2.3.0/gems/activerecord-5.2.2/lib/active_record/log_subscriber.rb:98
Processing by Rails::WelcomeController#index as HTML
  Rendering d:/RailsInstaller/Ruby2.3.3/lib/ruby/gems/2.3.0/gems/railties-5.2.2/lib/rails/templates/rails/welcome/index.html.erb
  Rendered d:/RailsInstaller/Ruby2.3.3/lib/ruby/gems/2.3.0/gems/railties-5.2.2/lib/rails/templates/rails/welcome/index.html.erb (6.0ms)
Completed 200 OK in 100ms (Views: 50.8ms | ActiveRecord: 0.0ms)


Started GET "/documents" for 127.0.0.1 at 2019-01-22 18:05:52 +0200
Processing by DocumentsController#index as HTML
  Rendering documents/index.html.erb within layouts/application
  [1m[36mDocument Load (0.3ms)[0m  [1m[34mSELECT "documents".* FROM "documents"[0m
  ↳ app/views/documents/index.html.erb:16
  Rendered documents/index.html.erb within layouts/application (3.7ms)
Completed 200 OK in 19924ms (Views: 19873.4ms | ActiveRecord: 0.8ms)


Started GET "/documents/new" for 127.0.0.1 at 2019-01-22 18:06:53 +0200
Processing by DocumentsController#new as HTML
  Rendering documents/new.html.erb within layouts/application
  Rendered documents/_form.html.erb (179.6ms)
  Rendered documents/new.html.erb within layouts/application (221.1ms)
Completed 200 OK in 505ms (Views: 462.1ms | ActiveRecord: 0.7ms)


Started GET "/documents" for 127.0.0.1 at 2019-01-22 18:07:09 +0200
Processing by DocumentsController#index as HTML
  Rendering documents/index.html.erb within layouts/application
  [1m[36mDocument Load (0.3ms)[0m  [1m[34mSELECT "documents".* FROM "documents"[0m
  ↳ app/views/documents/index.html.erb:16
  Rendered documents/index.html.erb within layouts/application (3.1ms)
Completed 200 OK in 279ms (Views: 237.1ms | ActiveRecord: 0.3ms)


Started GET "/" for 127.0.0.1 at 2019-01-22 18:07:45 +0200
Processing by Rails::WelcomeController#index as HTML
  Rendering d:/RailsInstaller/Ruby2.3.3/lib/ruby/gems/2.3.0/gems/railties-5.2.2/lib/rails/templates/rails/welcome/index.html.erb
  Rendered d:/RailsInstaller/Ruby2.3.3/lib/ruby/gems/2.3.0/gems/railties-5.2.2/lib/rails/templates/rails/welcome/index.html.erb (3.3ms)
Completed 200 OK in 65ms (Views: 36.2ms | ActiveRecord: 0.0ms)


Started GET "/documents" for 127.0.0.1 at 2019-01-22 18:09:36 +0200
Processing by DocumentsController#index as HTML
  Rendering documents/index.html.erb within layouts/application
  [1m[36mDocument Load (0.3ms)[0m  [1m[34mSELECT "documents".* FROM "documents"[0m
  ↳ app/views/documents/index.html.erb:16
  Rendered documents/index.html.erb within layouts/application (2.5ms)
Completed 200 OK in 235ms (Views: 194.6ms | ActiveRecord: 0.3ms)


Started GET "/documents" for 127.0.0.1 at 2019-01-22 18:18:27 +0200
Processing by DocumentsController#index as HTML
  Rendering documents/index.html.erb within layouts/application
  [1m[36mDocument Load (0.3ms)[0m  [1m[34mSELECT "documents".* FROM "documents"[0m
  ↳ app/views/documents/index.html.erb:16
  Rendered documents/index.html.erb within layouts/application (3.5ms)
Completed 200 OK in 243ms (Views: 196.8ms | ActiveRecord: 0.8ms)


Started GET "/" for 127.0.0.1 at 2019-01-22 18:18:30 +0200
Processing by Rails::WelcomeController#index as HTML
  Rendering d:/RailsInstaller/Ruby2.3.3/lib/ruby/gems/2.3.0/gems/railties-5.2.2/lib/rails/templates/rails/welcome/index.html.erb
  Rendered d:/RailsInstaller/Ruby2.3.3/lib/ruby/gems/2.3.0/gems/railties-5.2.2/lib/rails/templates/rails/welcome/index.html.erb (2.9ms)
Completed 200 OK in 84ms (Views: 41.8ms | ActiveRecord: 0.0ms)


Started GET "/" for 127.0.0.1 at 2019-01-22 18:20:21 +0200
Processing by DocumentsController#welcome as HTML
  [1m[36mDocument Load (0.3ms)[0m  [1m[34mSELECT  "documents".* FROM "documents" ORDER BY "documents"."id" DESC LIMIT ?[0m  [["LIMIT", 3]]
  ↳ app/controllers/documents_controller.rb:10
  Rendering documents/welcome.html.erb within layouts/application
  Rendered documents/welcome.html.erb within layouts/application (1.1ms)
Completed 200 OK in 282ms (Views: 227.9ms | ActiveRecord: 1.3ms)


Started GET "/documents/new" for 127.0.0.1 at 2019-01-22 18:20:38 +0200
Processing by DocumentsController#new as HTML
  Rendering documents/new.html.erb within layouts/application
  Rendered documents/_form.html.erb (3.3ms)
  Rendered documents/new.html.erb within layouts/application (43.0ms)
Completed 200 OK in 282ms (Views: 242.3ms | ActiveRecord: 0.0ms)


